58910 10:47:13 select(8, [4 5], [], NULL, NULL) = 1 (in [5])
58910 10:47:13 clock_gettime(CLOCK_BOOTTIME, {11995, 200334509}) = 0
58910 10:47:13 read(5, "\r", 16384)     = 1
58910 10:47:13 clock_gettime(CLOCK_BOOTTIME, {11995, 200831346}) = 0
58910 10:47:13 clock_gettime(CLOCK_BOOTTIME, {11995, 201086230}) = 0
58910 10:47:13 select(8, [4 5], [4], NULL, NULL) = 1 (out [4])
58910 10:47:13 clock_gettime(CLOCK_BOOTTIME, {11995, 201512950}) = 0
58910 10:47:13 write(4, "S\305{\372}\253i\253\6;\305r&\nT\270\302\272\322\230\223\210\315P\254\276^_\37\303\23F"..., 40) = 40
58910 10:47:13 clock_gettime(CLOCK_BOOTTIME, {11995, 202111864}) = 0
58910 10:47:13 clock_gettime(CLOCK_BOOTTIME, {11995, 202295630}) = 0
58910 10:47:13 select(8, [4 5], [], NULL, NULL) = 1 (in [4])
58910 10:47:13 clock_gettime(CLOCK_BOOTTIME, {11995, 205311122}) = 0
58910 10:47:13 read(4, "\356\271\0\346\226,QT\371\233\1\323\327\360G\27\276\341\6!\201\5\311\372ocd(\375 \r\246"..., 8192) = 40
58910 10:47:13 clock_gettime(CLOCK_BOOTTIME, {11995, 205619489}) = 0
58910 10:47:13 clock_gettime(CLOCK_BOOTTIME, {11995, 205812823}) = 0
58910 10:47:13 select(8, [4 5], [6], NULL, NULL) = 2 (in [4], out [6])
58910 10:47:13 clock_gettime(CLOCK_BOOTTIME, {11995, 206338160}) = 0
58910 10:47:13 write(6, "\r\n", 2)      = 2
58910 10:47:13 read(4, "\212\372\21\314H;\3777x\274\322\4\25\255^\305\t\2r\266\34\fV/\333\36\334\267~\341\355c"..., 8192) = 40
58910 10:47:13 clock_gettime(CLOCK_BOOTTIME, {11995, 209981618}) = 0
58910 10:47:13 clock_gettime(CLOCK_BOOTTIME, {11995, 210188932}) = 0
58910 10:47:13 select(8, [4 5], [6], NULL, NULL) = 1 (out [6])
58910 10:47:13 clock_gettime(CLOCK_BOOTTIME, {11995, 211307264}) = 0
58910 10:47:13 write(6, "[root@fan ~]# ", 14) = 14
58910 10:47:13 clock_gettime(CLOCK_BOOTTIME, {11995, 212830342}) = 0
58910 10:47:13 clock_gettime(CLOCK_BOOTTIME, {11995, 213021300}) = 0
58910 10:47:13 select(8, [4 5], [], NULL, NULL) = 1 (in [5])
58910 10:47:13 clock_gettime(CLOCK_BOOTTIME, {11995, 417853047}) = 0
58910 10:47:13 read(5, "\r", 16384)     = 1
58910 10:47:13 clock_gettime(CLOCK_BOOTTIME, {11995, 420164499}) = 0
58910 10:47:13 clock_gettime(CLOCK_BOOTTIME, {11995, 420508919}) = 0
58910 10:47:13 select(8, [4 5], [4], NULL, NULL) = 1 (out [4])
58910 10:47:13 clock_gettime(CLOCK_BOOTTIME, {11995, 421251408}) = 0
58910 10:47:13 write(4, "\261\347\357H}v\224W\377\266k+4\263x\30\303\223\346pz\37\235X\2\271+\215\20\330\311-"..., 40) = 40
58910 10:47:13 clock_gettime(CLOCK_BOOTTIME, {11995, 422129189}) = 0
58910 10:47:13 clock_gettime(CLOCK_BOOTTIME, {11995, 422442350}) = 0
58910 10:47:13 select(8, [4 5], [], NULL, NULL) = 1 (in [4])
58910 10:47:13 clock_gettime(CLOCK_BOOTTIME, {11995, 424446253}) = 0
58910 10:47:13 read(4, "#\3426\320\30\234\231\361\r$\244\364*<\0171A\3564\2641rj\232@\273@\30\246\371\25\260"..., 8192) = 56
58910 10:47:13 clock_gettime(CLOCK_BOOTTIME, {11995, 424900661}) = 0
58910 10:47:13 clock_gettime(CLOCK_BOOTTIME, {11995, 425088473}) = 0
58910 10:47:13 select(8, [4 5], [6], NULL, NULL) = 1 (out [6])
58910 10:47:13 clock_gettime(CLOCK_BOOTTIME, {11995, 425478109}) = 0
58910 10:47:13 write(6, "\r\n[root@fan ~]# ", 16) = 16
58910 10:47:13 clock_gettime(CLOCK_BOOTTIME, {11995, 426518908}) = 0
58910 10:47:13 clock_gettime(CLOCK_BOOTTIME, {11995, 429003917}) = 0
58910 10:47:13 select(8, [4 5], [], NULL, NULL) = 1 (in [5])
58910 10:47:13 clock_gettime(CLOCK_BOOTTIME, {11995, 561087868}) = 0
58910 10:47:13 read(5, "\r", 16384)     = 1
58910 10:47:13 clock_gettime(CLOCK_BOOTTIME, {11995, 561542435}) = 0
58910 10:47:13 clock_gettime(CLOCK_BOOTTIME, {11995, 561750690}) = 0
58910 10:47:13 select(8, [4 5], [4], NULL, NULL) = 1 (out [4])
58910 10:47:13 clock_gettime(CLOCK_BOOTTIME, {11995, 562195705}) = 0
58910 10:47:13 write(4, "\345\236\212\375$m2\333\321\25p\363\320#\31\244\0\244\312\202\222\244\247j\n\320~\4VFv\4"..., 40) = 40
58910 10:47:13 clock_gettime(CLOCK_BOOTTIME, {11995, 562642324}) = 0
58910 10:47:13 clock_gettime(CLOCK_BOOTTIME, {11995, 562799927}) = 0
58910 10:47:13 select(8, [4 5], [], NULL, NULL) = 1 (in [4])
58910 10:47:13 clock_gettime(CLOCK_BOOTTIME, {11995, 565683944}) = 0
58910 10:47:13 read(4, "9\345\237b`>{\216\362\254\370gIYr!\232\4\235\216\331Yh\354\202\317\361\270\357E\215\272"..., 8192) = 56
58910 10:47:13 clock_gettime(CLOCK_BOOTTIME, {11995, 566476391}) = 0
58910 10:47:13 clock_gettime(CLOCK_BOOTTIME, {11995, 566736403}) = 0
58910 10:47:13 select(8, [4 5], [6], NULL, NULL) = 1 (out [6])
58910 10:47:13 clock_gettime(CLOCK_BOOTTIME, {11995, 567151128}) = 0
58910 10:47:13 write(6, "\r\n[root@fan ~]# ", 16) = 16
58910 10:47:13 clock_gettime(CLOCK_BOOTTIME, {11995, 567627572}) = 0
58910 10:47:13 clock_gettime(CLOCK_BOOTTIME, {11995, 570309854}) = 0
58910 10:47:13 select(8, [4 5], [], NULL, NULL