58892 10:46:56 select(5, [4], NULL, NULL, NULL) = 1 (in [4])
58892 10:46:56 read(4, "\0\0\1\224\10\37\0\0\1\201\0\323#\r#ur\354\351\371#Xq^\272\303\244\330\237-kM"..., 8192) = 408
58892 10:46:56 write(4, "\0\0\1\214\6 \0\0\1\200}\20W\244\325\230\320\\\333\357z\2542R\n<\33\226\205p!l"..., 400) = 400
58892 10:46:56 select(5, [4], NULL, NULL, NULL) = 1 (in [4])
58892 10:46:56 read(4, "\0\0\3\274\n!\0\0\1\25\0\0\0\7ssh-rsa\0\0\0\1#\0\0\1\1\0\256"..., 8192) = 976
58892 10:46:56 open("/home/crazy_audit/.ssh/known_hosts", O_RDONLY) = 5
58892 10:46:56 fstat(5, {st_mode=S_IFREG|0644, st_size=442, ...}) = 0
58892 10:46:56 read(5, "|1|jT/BrhPFgmr31Q5pS9matT1YoBQ=|"..., 4096) = 442
58892 10:46:56 read(5, "", 4096)        = 0
58892 10:46:56 close(5)                 = 0
58892 10:46:56 open("/home/crazy_audit/.ssh/known_hosts2", O_RDONLY) = -1 ENOENT (No such file or directory)
58892 10:46:56 open("/etc/ssh/ssh_known_hosts", O_RDONLY) = -1 ENOENT (No such file or directory)
58892 10:46:56 open("/etc/ssh/ssh_known_hosts2", O_RDONLY) = -1 ENOENT (No such file or directory)
58892 10:46:56 clock_gettime(CLOCK_BOOTTIME, {11978, 85669410}) = 0
58892 10:46:56 write(4, "\0\0\0\f\n\25\0\0\0\0\0\0\0\0\0\0", 16) = 16
58892 10:46:56 write(4, "\226\350\332\227\212\236\200\371\274\261?\314\310\264t7A\334\212\21B\342\35L;\211\370f\253\3759\215"..., 40) = 40
58892 10:46:56 select(5, [4], NULL, NULL, NULL) = 1 (in [4])
58892 10:46:56 read(4, "`e\31\337\3010C\301td\352\360G9\274\215\375\264YA\252f/Bv\327/:#\246U\354"..., 8192) = 40
58892 10:46:56 write(4, "\323\263n\342\335\375\0257\274}d\335z\212A\323\273\367\235\tv\206\334\225bk[\n\235\300\304\237"..., 56) = 56
58892 10:46:56 select(5, [4], NULL, NULL, NULL) = 1 (in [4])
58892 10:46:56 read(4, ")\214Q`\303\5u\341\3146\274\0040\177}\356/7\304-\230\313\r\256\4\6q)\2c\250\271"..., 8192) = 72
58892 10:46:56 futex(0x7fdf6e7192b0, FUTEX_WAKE_PRIVATE, 2147483647) = 0
58892 10:46:56 futex(0x7fdf6e719150, FUTEX_WAKE_PRIVATE, 2147483647) = 0
58892 10:46:56 futex(0x7fdf6f6a09f0, FUTEX_WAKE_PRIVATE, 2147483647) = 0
58892 10:46:56 lstat("/etc/gss/mech", 0x7ffd11ec0f40) = -1 ENOENT (No such file or directory)
58892 10:46:56 open("/etc/gss/mech.d", O_RDONLY|O_NONBLOCK|O_DIRECTORY|O_CLOEXEC) = 5
58892 10:46:56 fstat(5, {st_mode=S_IFDIR|0755, st_size=4096, ...}) = 0
58892 10:46:56 getdents(5, /* 3 entries */, 32768) = 80
58892 10:46:56 getdents(5, /* 0 entries */, 32768) = 0
58892 10:46:56 close(5)                 = 0
58892 10:46:56 futex(0x7fdf6ee1d7b0, FUTEX_WAKE_PRIVATE, 2147483647) = 0
58892 10:46:56 futex(0x7fdf6ee1e870, FUTEX_WAKE_PRIVATE, 2147483647) = 0
58892 10:46:56 stat("/etc/krb5.conf", 0x7ffd11ebcb70) = -1 ENOENT (No such file or directory)
58892 10:46:56 open("/dev/urandom", O_RDONLY) = 5
58892 10:46:56 fcntl(5, F_SETFD, FD_CLOEXEC) = 0
58892 10:46:56 fstat(5, {st_mode=S_IFCHR|0666, st_rdev=makedev(1, 9), ...}) = 0
58892 10:46:56 read(5, "\"D`\347Y0\33\177\215K\6\377\3660\376\325M |u\357\271\212+\356\356}\312%:~a"..., 64) = 64
58892 10:46:56 close(5)                 = 0
58892 10:46:56 open("/dev/urandom", O_RDONLY) = 5
58892 10:46:56 fcntl(5, F_SETFD, FD_CLOEXEC) = 0
58892 10:46:56 fstat(5, {st_mode=S_IFCHR|0666, st_rdev=makedev(1, 9), ...}) = 0
58892 10:46:56 read(5, "@rT\211\245\200\322-\33\326\1-i\366\3360p[\367=\374e\362_7d\4\334\372\327&k"..., 64) = 64
58892 10:46:56 close(5)                 = 0
58892 10:46:56 futex(0x7fdf6eb4b180, FUTEX_WAKE_PRIVATE, 2147483647) = 0
58892 10:46:56 socket(PF_LOCAL, SOCK_STREAM|SOCK_CLOEXEC|SOCK_NONBLOCK, 0) = 5
58892 10:46:56 connect(5, {sa_family=AF_LOCAL, sun_path="/var/run/nscd/socket"}, 110) = -1 ENOENT (No such file or directory)
58892 10:46:56 close(5)                 = 0
58892 10:46:56 socket(PF_LOCAL, SOCK_STREAM|SOCK_CLOEXEC|SOCK_NONBLOCK, 0) = 5
58892 10:46:56 connect(5, {sa_family=AF_LOCAL, sun_path="/var/run/nscd/socket"}, 110) = -1 ENOENT (No such file or directory)
58892 10:46:56 close(5)                 = 0
58892 10:46:56 open("/etc/resolv.conf", O_RDONLY|O_CLOEXEC) = 5
58892 10:46:56 fstat(5, {st_mode=S_IFREG|0644, st_size=177, ...}) = 0
58892 10:46:56 read(5, "# Dynamic resolv.conf(5) file fo"..., 4096) = 177
58892 10:46:56 read(5, "", 4096)        = 0
58892 10:46:56 close(5)                 = 0
58892 10:46:56 uname({sysname="Linux", nodename="ubuntu", ...}) = 0
58892 10:46:56 open("/etc/host.conf", O_RDONLY|O_CLOEXEC) = 5
58892 10:46:56 fstat(5, {st_mode=S_IFREG|0644, st_size=92, ...}) = 0
58892 10:46:56 read(5, "# The \"order\" line is only used "..., 4096) = 92
58892 10:46:56 read(5, "", 4096)        = 0
58892 10:46:56 close(5)                 = 0
58892 10:46:56 futex(0x7fdf6f456a64, FUTEX_WAKE_PRIVATE, 2147483647) = 0
58892 10:46:56 open("/etc/hosts", O_RDONLY|O_CLOEXEC) = 5
58892 10:46:56 fstat(5, {st_mode=S_IFREG|0644, st_size=186, ...}) = 0
58892 10:46:56 read(5, "127.0.0.1\tlocalhost\n127.0.1.1\tub"..., 4096) = 186
58892 10:46:56 read(5, "", 4096)        = 0
58892 10:46:56 close(5)                 = 0
58892 10:46:56 open("/etc/ld.so.cache", O_RDONLY|O_CLOEXEC) = 5
58892 10:46:56 fstat(5, {st_mode=S_IFREG|0644, st_size=23579, ...}) = 0
58892 10:46:56 mmap(NULL, 23579, PROT_READ, MAP_PRIVATE, 5, 0) = 0x7fdf7055e000
58892 10:46:56 close(5)                 = 0
58892 10:46:56 access("/etc/ld.so.nohwcap", F_OK) = -1 ENOENT (No such file or directory)
58892 10:46:56 open("/lib/x86_64-linux-gnu/libnss_dns.so.2", O_RDONLY|O_CLOEXEC) = 5
58892 10:46:56 read(5, "\177ELF\2\1\1\0\0\0\0\0\0\0\0\0\3\0>\0\1\0\0\0\220\17\0\0\0\0\0\0"..., 832) = 832
58892 10:46:56 fstat(5, {st_mode=S_IFREG|0644, st_size=27000, ...}) = 0
58892 10:46:56 mmap(NULL, 2121944, PROT_READ|PROT_EXEC, MAP_PRIVATE|MAP_DENYWRITE, 5, 0) = 0x7fdf6d6a7000
58892 10:46:56 mprotect(0x7fdf6d6ac000, 2097152, PROT_NONE) = 0
58892 10:46:56 mmap(0x7fdf6d8ac000, 8192, PROT_READ|PROT_WRITE, MAP_PRIVATE|MAP_FIXED|MAP_DENYWRITE, 5, 0x5000) = 0x7fdf6d8ac000
58892 10:46:56 close(5)                 = 0
58892 10:46:56 mprotect(0x7fdf6d8ac000, 4096, PROT_READ) = 0
58892 10:46:56 munmap(0x7fdf7055e000, 23579) = 0
58892 10:46:56 stat("/etc/resolv.conf", {st_mode=S_IFREG|0644, st_size=177, ...}) = 0
58892 10:46:56 open("/etc/resolv.conf", O_RDONLY|O_CLOEXEC) = 5
58892 10:46:56 fstat(5, {st_mode=S_IFREG|0644, st_size=177, ...}) = 0
58892 10:46:56 read(5, "# Dynamic resolv.conf(5) file fo"..., 4096) = 177
58892 10:46:56 read(5, "", 4096)        = 0
58892 10:46:56 close(5)                 = 0
58892 10:46:56 uname({sysname="Linux", nodename="ubuntu", ...}) = 0
58892 10:46:56 socket(PF_INET, SOCK_DGRAM|SOCK_NONBLOCK, IPPROTO_IP) = 5
58892 10:46:56 connect(5, {sa_family=AF_INET, sin_port=htons(53), sin_addr=inet_addr("192.168.14.254")}, 16) = 0
58892 10:46:56 poll([{fd=5, events=POLLOUT}], 1, 0) = 1 ([{fd=5, revents=POLLOUT}])
58892 10:46:56 sendto(5, "0B\1\0\0\1\0\0\0\0\0\0\00229\00214\003168\003192\7in-ad"..., 44, MSG_NOSIGNAL, NULL, 0) = 44
58892 10:46:56 poll([{fd=5, events=POLLIN}], 1, 5000) = 1 ([{fd=5, revents=POLLIN}])
58892 10:46:56 ioctl(5, FIONREAD, [63]) = 0
58892 10:46:56 recvfrom(5, "0B\205\200\0\1\0\1\0\0\0\0\00229\00214\003168\003192\7in-ad"..., 1024, 0, {sa_family=AF_INET, sin_port=htons(53), sin_addr=inet_addr("192.168.14.254")}, [16]) = 63
58892 10:46:56 close(5)                 = 0
58892 10:46:56 stat("/etc/krb5.conf", 0x7ffd11ebe950) = -1 ENOENT (No such file or directory)
58892 10:46:56 open("/dev/urandom", O_RDONLY) = 5
58892 10:46:56 fcntl(5, F_SETFD, FD_CLOEXEC) = 0
58892 10:46:56 fstat(5, {st_mode=S_IFCHR|0666, st_rdev=makedev(1, 9), ...}) = 0
58892 10:46:56 read(5, "\201\341\10\367\31F\252m;\201\16T\206a\350\24\246S.\227\264\365\317l6;\215\266\2232\254?"..., 64) = 64
58892 10:46:56 close(5)                 = 0
58892 10:46:56 stat("/etc/krb5.conf", 0x7ffd11ebe8a0) = -1 ENOENT (No such file or directory)
58892 10:46:56 open("/dev/urandom", O_RDONLY) = 5
58892 10:46:56 fcntl(5, F_SETFD, FD_CLOEXEC) = 0
58892 10:46:56 fstat(5, {st_mode=S_IFCHR|0666, st_rdev=makedev(1, 9), ...}) = 0
58892 10:46:56 read(5, "\257\300:\n\21\214\31`\36\25\230\371\5\332\301\3662\200&>\236\233\335(\32\5t\312R\243\216\33"..., 64) = 64
58892 10:46:56 close(5)                 = 0
58892 10:46:56 geteuid()                = 1001
58892 10:46:56 open("/etc/krb5/user/1001/client.keytab", O_RDONLY) = -1 ENOENT (No such file or directory)
58892 10:46:56 getuid()                 = 1001
58892 10:46:56 stat("/tmp/krb5cc_1001", 0x7ffd11ec08d0) = -1 ENOENT (No such file or directory)
58892 10:46:56 stat("/etc/krb5.conf", 0x7ffd11ebecb0) = -1 ENOENT (No such file or directory)
58892 10:46:56 open("/dev/urandom", O_RDONLY) = 5
58892 10:46:56 fcntl(5, F_SETFD, FD_CLOEXEC) = 0
58892 10:46:56 fstat(5, {st_mode=S_IFCHR|0666, st_rdev=makedev(1, 9), ...}) = 0
58892 10:46:56 read(5, "67\265>v\302r\324\236{*<\177z.\366\"\307\t\10?\202<\7t:\204\246\215C\377("..., 64) = 64
58892 10:46:56 close(5)                 = 0
58892 10:46:56 stat("/etc/krb5.conf", 0x7ffd11ebcb70) = -1 ENOENT (No such file or directory)
58892 10:46:56 open("/dev/urandom", O_RDONLY) = 5
58892 10:46:56 fcntl(5, F_SETFD, FD_CLOEXEC) = 0
58892 10:46:56 fstat(5, {st_mode=S_IFCHR|0666, st_rdev=makedev(1, 9), ...}) = 0
58892 10:46:56 read(5, ")\235L\261\7\324\236\247yo\10@\200\267\335\340x\355p/\301^\255\237\237\205'\0033{\357\21"..., 64) = 64
58892 10:46:56 close(5)                 = 0
58892 10:46:56 open("/etc/hosts", O_RDONLY|O_CLOEXEC) = 5
58892 10:46:56 fstat(5, {st_mode=S_IFREG|0644, st_size=186, ...}) = 0
58892 10:46:56 read(5, "127.0.0.1\tlocalhost\n127.0.1.1\tub"..., 4096) = 186
58892 10:46:56 read(5, "", 4096)        = 0
58892 10:46:56 close(5)                 = 0
58892 10:46:56 stat("/etc/resolv.conf", {st_mode=S_IFREG|0644, st_size=177, ...}) = 0
58892 10:46:56 socket(PF_INET, SOCK_DGRAM|SOCK_NONBLOCK, IPPROTO_IP) = 5
58892 10:46:56 connect(5, {sa_family=AF_INET, sin_port=htons(53), sin_addr=inet_addr("192.168.14.254")}, 16) = 0
58892 10:46:56 poll([{fd=5, events=POLLOUT}], 1, 0) = 1 ([{fd=5, revents=POLLOUT}])
58892 10:46:56 sendto(5, "\321\245\1\0\0\1\0\0\0\0\0\0\00229\00214\003168\003192\7in-ad"..., 44, MSG_NOSIGNAL, NULL, 0) = 44
58892 10:46:56 poll([{fd=5, events=POLLIN}], 1, 5000) = 1 ([{fd=5, revents=POLLIN}])
58892 10:46:56 ioctl(5, FIONREAD, [63]) = 0
58892 10:46:56 recvfrom(5, "\321\245\205\200\0\1\0\1\0\0\0\0\00229\00214\003168\003192\7in-ad"..., 1024, 0, {sa_family=AF_INET, sin_port=htons(53), sin_addr=inet_addr("192.168.14.254")}, [16]) = 63
58892 10:46:56 close(5)                 = 0
58892 10:46:56 stat("/etc/krb5.conf", 0x7ffd11ebe950) = -1 ENOENT (No such file or directory)
58892 10:46:56 open("/dev/urandom", O_RDONLY) = 5
58892 10:46:56 fcntl(5, F_SETFD, FD_CLOEXEC) = 0
58892 10:46:56 fstat(5, {st_mode=S_IFCHR|0666, st_rdev=makedev(1, 9), ...}) = 0
58892 10:46:56 read(5, "\313<\262\301\4\256\v\4\25\304\231\264\226\377\3!\n\307\324\372\241=\354\244\342o\351$\2122\v\371"..., 64) = 64
58892 10:46:56 close(5)                 = 0
58892 10:46:56 stat("/etc/krb5.conf", 0x7ffd11ebe8a0) = -1 ENOENT (No such file or directory)
58892 10:46:56 open("/dev/urandom", O_RDONLY) = 5
58892 10:46:56 fcntl(5, F_SETFD, FD_CLOEXEC) = 0
58892 10:46:56 fstat(5, {st_mode=S_IFCHR|0666, st_rdev=makedev(1, 9), ...}) = 0
58892 10:46:56 read(5, "\341\200!p<\250h\363u\217\335cR8\260\244\340\212\f\365\373+I\266\313\275\265\241\375v\"h"..., 64) = 64
58892 10:46:56 close(5)                 = 0
58892 10:46:56 geteuid()                = 1001
58892 10:46:56 open("/etc/krb5/user/1001/client.keytab", O_RDONLY) = -1 ENOENT (No such file or directory)
58892 10:46:56 getuid()                 = 1001
58892 10:46:56 stat("/tmp/krb5cc_1001", 0x7ffd11ec08d0) = -1 ENOENT (No such file or directory)
58892 10:46:56 stat("/etc/krb5.conf", 0x7ffd11ebecb0) = -1 ENOENT (No such file or directory)
58892 10:46:56 open("/dev/urandom", O_RDONLY) = 5
58892 10:46:56 fcntl(5, F_SETFD, FD_CLOEXEC) = 0
58892 10:46:56 fstat(5, {st_mode=S_IFCHR|0666, st_rdev=makedev(1, 9), ...}) = 0
58892 10:46:56 read(5, "\223\332@\307M\3268\375p\205\216D[k\346w\213F\325\331\362\310\255`\255\312\36\277cV\252\""..., 64) = 64
58892 10:46:56 close(5)                 = 0
58892 10:46:56 stat("/etc/krb5.conf", 0x7ffd11ebcb70) = -1 ENOENT (No such file or directory)
58892 10:46:56 open("/dev/urandom", O_RDONLY) = 5
58892 10:46:56 fcntl(5, F_SETFD, FD_CLOEXEC) = 0
58892 10:46:56 fstat(5, {st_mode=S_IFCHR|0666, st_rdev=makedev(1, 9), ...}) = 0
58892 10:46:56 read(5, "#\327\0176r\10\245DF\342\274E\1\375\270\336d[\366\314E\356I\367~JLu\321\31\240\242"..., 64) = 64
58892 10:46:56 close(5)                 = 0
58892 10:46:56 open("/etc/hosts", O_RDONLY|O_CLOEXEC) = 5
58892 10:46:56 fstat(5, {st_mode=S_IFREG|0644, st_size=186, ...}) = 0
58892 10:46:56 read(5, "127.0.0.1\tlocalhost\n127.0.1.1\tub"..., 4096) = 186
58892 10:46:56 read(5, "", 4096)        = 0
58892 10:46:56 close(5)                 = 0
58892 10:46:56 stat("/etc/resolv.conf", {st_mode=S_IFREG|0644, st_size=177, ...}) = 0
58892 10:46:56 socket(PF_INET, SOCK_DGRAM|SOCK_NONBLOCK, IPPROTO_IP) = 5
58892 10:46:56 connect(5, {sa_family=AF_INET, sin_port=htons(53), sin_addr=inet_addr("192.168.14.254")}, 16) = 0
58892 10:46:56 poll([{fd=5, events=POLLOUT}], 1, 0) = 1 ([{fd=5, revents=POLLOUT}])
58892 10:46:56 sendto(5, "\3752\1\0\0\1\0\0\0\0\0\0\00229\00214\003168\003192\7in-ad"..., 44, MSG_NOSIGNAL, NULL, 0) = 44
58892 10:46:56 poll([{fd=5, events=POLLIN}], 1, 5000) = 1 ([{fd=5, revents=POLLIN}])
58892 10:46:56 ioctl(5, FIONREAD, [63]) = 0
58892 10:46:56 recvfrom(5, "\3752\205\200\0\1\0\1\0\0\0\0\00229\00214\003168\003192\7in-ad"..., 1024, 0, {sa_family=AF_INET, sin_port=htons(53), sin_addr=inet_addr("192.168.14.254")}, [16]) = 63
58892 10:46:56 close(5)                 = 0
58892 10:46:56 stat("/etc/krb5.conf", 0x7ffd11ebe950) = -1 ENOENT (No such file or directory)
58892 10:46:56 open("/dev/urandom", O_RDONLY) = 5
58892 10:46:56 fcntl(5, F_SETFD, FD_CLOEXEC) = 0
58892 10:46:56 fstat(5, {st_mode=S_IFCHR|0666, st_rdev=makedev(1, 9), ...}) = 0
58892 10:46:56 read(5, "b\fb\344\255~O\0343\336\202B]\10\34\26;`\260\24(l\371\371\303S\3\25\215\371)/"..., 64) = 64
58892 10:46:56 close(5)                 = 0
58892 10:46:56 stat("/etc/krb5.conf", 0x7ffd11ebe8a0) = -1 ENOENT (No such file or directory)
58892 10:46:56 open("/dev/urandom", O_RDONLY) = 5
58892 10:46:56 fcntl(5, F_SETFD, FD_CLOEXEC) = 0
58892 10:46:56 fstat(5, {st_mode=S_IFCHR|0666, st_rdev=makedev(1, 9), ...}) = 0
58892 10:46:56 read(5, "DCx!U\"\314\252\345P\266\332\353K\332\204\0}T\316\246x\224m\23\232R\n\316n~\252"..., 64) = 64
58892 10:46:56 close(5)                 = 0
58892 10:46:56 geteuid()                = 1001
58892 10:46:56 open("/etc/krb5/user/1001/client.keytab", O_RDONLY) = -1 ENOENT (No such file or directory)
58892 10:46:56 getuid()                 = 1001
58892 10:46:56 stat("/tmp/krb5cc_1001", 0x7ffd11ec08d0) = -1 ENOENT (No such file or directory)
58892 10:46:56 stat("/etc/krb5.conf", 0x7ffd11ebecb0) = -1 ENOENT (No such file or directory)
58892 10:46:56 open("/dev/urandom", O_RDONLY) = 5
58892 10:46:56 fcntl(5, F_SETFD, FD_CLOEXEC) = 0
58892 10:46:56 fstat(5, {st_mode=S_IFCHR|0666, st_rdev=makedev(1, 9), ...}) = 0
58892 10:46:56 read(5, "\244.\v\272\306P^\10\10\247\24\272\313\300\177\36\271\21W\341\334\327\332C\225\251PS0\225\256\300"..., 64) = 64
58892 10:46:56 close(5)                 = 0
58892 10:46:56 stat("/etc/krb5.conf", 0x7ffd11ebcb70) = -1 ENOENT (No such file or directory)
58892 10:46:56 open("/dev/urandom", O_RDONLY) = 5
58892 10:46:56 fcntl(5, F_SETFD, FD_CLOEXEC) = 0
58892 10:46:56 fstat(5, {st_mode=S_IFCHR|0666, st_rdev=makedev(1, 9), ...}) = 0
58892 10:46:56 read(5, "\330\306\30\377\2113I[\332~\330\302sYJ1\327\275O\264\272\354\240\346\361*\325\250\335\35\16\357"..., 64) = 64
58892 10:46:56 close(5)                 = 0
58892 10:46:56 open("/etc/hosts", O_RDONLY|O_CLOEXEC) = 5
58892 10:46:56 fstat(5, {st_mode=S_IFREG|0644, st_size=186, ...}) = 0
58892 10:46:56 read(5, "127.0.0.1\tlocalhost\n127.0.1.1\tub"..., 4096) = 186
58892 10:46:56 read(5, "", 4096)        = 0
58892 10:46:56 close(5)                 = 0
58892 10:46:56 stat("/etc/resolv.conf", {st_mode=S_IFREG|0644, st_size=177, ...}) = 0
58892 10:46:56 socket(PF_INET, SOCK_DGRAM|SOCK_NONBLOCK, IPPROTO_IP) = 5
58892 10:46:56 connect(5, {sa_family=AF_INET, sin_port=htons(53), sin_addr=inet_addr("192.168.14.254")}, 16) = 0
58892 10:46:56 poll([{fd=5, events=POLLOUT}], 1, 0) = 1 ([{fd=5, revents=POLLOUT}])
58892 10:46:56 sendto(5, "(\267\1\0\0\1\0\0\0\0\0\0\00229\00214\003168\003192\7in-ad"..., 44, MSG_NOSIGNAL, NULL, 0) = 44
58892 10:46:56 poll([{fd=5, events=POLLIN}], 1, 5000) = 1 ([{fd=5, revents=POLLIN}])
58892 10:46:56 ioctl(5, FIONREAD, [63]) = 0
58892 10:46:56 recvfrom(5, "(\267\205\200\0\1\0\1\0\0\0\0\00229\00214\003168\003192\7in-ad"..., 1024, 0, {sa_family=AF_INET, sin_port=htons(53), sin_addr=inet_addr("192.168.14.254")}, [16]) = 63
58892 10:46:56 close(5)                 = 0
58892 10:46:56 stat("/etc/krb5.conf", 0x7ffd11ebeb20) = -1 ENOENT (No such file or directory)
58892 10:46:56 open("/dev/urandom", O_RDONLY) = 5
58892 10:46:56 fcntl(5, F_SETFD, FD_CLOEXEC) = 0
58892 10:46:56 fstat(5, {st_mode=S_IFCHR|0666, st_rdev=makedev(1, 9), ...}) = 0
58892 10:46:56 read(5, ")\274\200 \226\252k\"m\313S\21\25\3321\230C\223\\\33\210\305\310\246\232\30HM\372Q1\320"..., 64) = 64
58892 10:46:56 close(5)                 = 0
58892 10:46:56 stat("/etc/krb5.conf", 0x7ffd11ebeab0) = -1 ENOENT (No such file or directory)
58892 10:46:56 open("/dev/urandom", O_RDONLY) = 5
58892 10:46:56 fcntl(5, F_SETFD, FD_CLOEXEC) = 0
58892 10:46:56 fstat(5, {st_mode=S_IFCHR|0666, st_rdev=makedev(1, 9), ...}) = 0
58892 10:46:56 read(5, "\"%\fb\30\212tR\363H7\353W\213\320\225\357\273\253\10&R:\330\317;\306\353\334\333\35\352"..., 64) = 64
58892 10:46:56 close(5)                 = 0
58892 10:46:56 geteuid()                = 1001
58892 10:46:56 open("/etc/krb5/user/1001/client.keytab", O_RDONLY) = -1 ENOENT (No such file or directory)
58892 10:46:56 getuid()                 = 1001
58892 10:46:56 stat("/tmp/krb5cc_1001", 0x7ffd11ec0ae0) = -1 ENOENT (No such file or directory)
58892 10:46:56 stat("/etc/krb5.conf", 0x7ffd11ebeac0) = -1 ENOENT (No such file or directory)
58892 10:46:56 open("/dev/urandom", O_RDONLY) = 5
58892 10:46:56 fcntl(5, F_SETFD, FD_CLOEXEC) = 0
58892 10:46:56 fstat(5, {st_mode=S_IFCHR|0666, st_rdev=makedev(1, 9), ...}) = 0
58892 10:46:56 read(5, "\360\363$\222\317\0203\27gN\347\314G\354\250\36R?\205\343\23\344\204h\"\373#\203\371#\364#"..., 64) = 64
58892 10:46:56 close(5)                 = 0
58892 10:46:56 stat("/etc/krb5.conf", 0x7ffd11ebecb0) = -1 ENOENT (No such file or directory)
58892 10:46:56 open("/dev/urandom", O_RDONLY) = 5
58892 10:46:56 fcntl(5, F_SETFD, FD_CLOEXEC) = 0
58892 10:46:56 fstat(5, {st_mode=S_IFCHR|0666, st_rdev=makedev(1, 9), ...}) = 0
58892 10:46:56 read(5, "\237\346\324\216\3762\331=K%\23\324i\233\203U\5;\23}\215x\302\35398\f\363`\222\\\247"..., 64) = 64
58892 10:46:56 close(5)                 = 0
58892 10:46:56 stat("/home/crazy_audit/.ssh/id_rsa", 0x7ffd11ec0fc0) = -1 ENOENT (No such file or directory)
58892 10:46:56 stat("/home/crazy_audit/.ssh/id_dsa", 0x7ffd11ec0fc0) = -1 ENOENT (No such file or directory)
58892 10:46:56 stat("/home/crazy_audit/.ssh/id_ecdsa", 0x7ffd11ec0fc0) = -1 ENOENT (No such file or directory)
58892 10:46:56 stat("/home/crazy_audit/.ssh/id_ed25519", 0x7ffd11ec0fc0) = -1 ENOENT (No such file or directory)
58892 10:46:56 open("/dev/tty", O_RDWR) = 5
58892 10:46:56 close(5)                 = 0
58892 10:46:56 open("/dev/tty", O_RDWR) = 5
58892 10:46:56 rt_sigaction(SIGALRM, {0x560d53894260, [], SA_RESTORER, 0x7fdf6f0c44b0}, {SIG_DFL, [], 0}, 8) = 0
58892 10:46:56 rt_sigaction(SIGHUP, {0x560d53894260, [], SA_RESTORER, 0x7fdf6f0c44b0}, {SIG_DFL, [], 0}, 8) = 0
58892 10:46:56 rt_sigaction(SIGINT, {0x560d53894260, [], SA_RESTORER, 0x7fdf6f0c44b0}, {SIG_DFL, [], 0}, 8) = 0
58892 10:46:56 rt_sigaction(SIGPIPE, {0x560d53894260, [], SA_RESTORER, 0x7fdf6f0c44b0}, {SIG_IGN, [], SA_RESTORER, 0x7fdf6f0c44b0}, 8) = 0
58892 10:46:56 rt_sigaction(SIGQUIT, {0x560d53894260, [], SA_RESTORER, 0x7fdf6f0c44b0}, {SIG_DFL, [], 0}, 8) = 0
58892 10:46:56 rt_sigaction(SIGTERM, {0x560d53894260, [], SA_RESTORER, 0x7fdf6f0c44b0}, {SIG_DFL, [], 0}, 8) = 0
58892 10:46:56 rt_sigaction(SIGTSTP, {0x560d53894260, [], SA_RESTORER, 0x7fdf6f0c44b0}, {SIG_DFL, [], 0}, 8) = 0
58892 10:46:56 rt_sigaction(SIGTTIN, {0x560d53894260, [], SA_RESTORER, 0x7fdf6f0c44b0}, {SIG_DFL, [], 0}, 8) = 0
58892 10:46:56 rt_sigaction(SIGTTOU, {0x560d53894260, [], SA_RESTORER, 0x7fdf6f0c44b0}, {SIG_DFL, [], 0}, 8) = 0
58892 10:46:56 ioctl(5, TCGETS, {B38400 opost isig icanon echo ...}) = 0
58892 10:46:56 ioctl(5, TCGETS, {B38400 opost isig icanon echo ...}) = 0
58892 10:46:56 ioctl(5, SNDCTL_TMR_CONTINUE or TCSETSF, {B38400 opost isig icanon -echo ...}) = 0
58892 10:46:56 ioctl(5, TCGETS, {B38400 opost isig icanon -echo ...}) = 0
58892 10:46:56 write(5, "root@192.168.14.29's password: ", 31) = 31
58892 10:46:56 read(5, "1", 1)          = 1
58892 10:46:56 read(5, "2", 1)          = 1
58892 10:46:56 read(5, "3", 1)          = 1
58892 10:46:56 read(5, "4", 1)          = 1
58892 10:46:56 read(5, "5", 1)          = 1
58892 10:46:56 read(5, "6", 1)          = 1
58892 10:46:56 read(5, "\n", 1)         = 1
58892 10:46:56 write(5, "\n", 1)        = 1
58892 10:46:56 ioctl(5, TCGETS, {B38400 opost isig icanon -echo ...}) = 0
58892 10:46:56 ioctl(5, SNDCTL_TMR_CONTINUE or TCSETSF, {B38400 opost isig icanon echo ...}) = 0
58892 10:46:56 ioctl(5, TCGETS, {B38400 opost isig icanon echo ...}) = 0
58892 10:46:56 rt_sigaction(SIGALRM, {SIG_DFL, [], SA_RESTORER, 0x7fdf6f0c44b0}, NULL, 8) = 0
58892 10:46:56 rt_sigaction(SIGHUP, {SIG_DFL, [], SA_RESTORER, 0x7fdf6f0c44b0}, NULL, 8) = 0
58892 10:46:56 rt_sigaction(SIGINT, {SIG_DFL, [], SA_RESTORER, 0x7fdf6f0c44b0}, NULL, 8) = 0
58892 10:46:56 rt_sigaction(SIGQUIT, {SIG_DFL, [], SA_RESTORER, 0x7fdf6f0c44b0}, NULL, 8) = 0
58892 10:46:56 rt_sigaction(SIGPIPE, {SIG_IGN, [], SA_RESTORER, 0x7fdf6f0c44b0}, NULL, 8) = 0
58892 10:46:56 rt_sigaction(SIGTERM, {SIG_DFL, [], SA_RESTORER, 0x7fdf6f0c44b0}, NULL, 8) = 0
58892 10:46:56 rt_sigaction(SIGTSTP, {SIG_DFL, [], SA_RESTORER, 0x7fdf6f0c44b0}, NULL, 8) = 0
58892 10:46:56 rt_sigaction(SIGTTIN, {SIG_DFL, [], SA_RESTORER, 0x7fdf6f0c44b0}, NULL, 8) = 0
58892 10:46:56 rt_sigaction(SIGTTOU, {SIG_DFL, [], SA_RESTORER, 0x7fdf6f0c44b0}, NULL, 8) = 0
58892 10:46:56 close(5)                 = 0
58892 10:46:56 write(4, "\326m\273\204\306o\273P\33\324Xn\33\210,?Y\331\213}\222u\250\354\362\317XU\350\225\234\17"..., 136) = 136
58892 10:46:56 select(5, [4], NULL, NULL, NULL) = 1 (in [4])
58892 10:46:56 read(4, "z-\317.\340\342\267\\\263L\270\271L\324\4\0\"\362e\re\356\331\337", 8192) = 24
58892 10:46:56 getpeername(4, {sa_family=AF_INET, sin_port=htons(22), sin_addr=inet_addr("192.168.14.29")}, [16]) = 0
58892 10:46:56 getpeername(4, {sa_family=AF_INET, sin_port=htons(22), sin_addr=inet_addr("192.168.14.29")}, [16]) = 0
58892 10:46:56 dup(0)                   = 5
58892 10:46:56 dup(1)                   = 6
58892 10:46:56 dup(2)                   = 7
58892 10:46:56 ioctl(5, TCGETS, {B38400 opost isig icanon echo ...}) = 0
58892 10:46:56 ioctl(6, TCGETS, {B38400 opost isig icanon echo ...}) = 0
58892 10:46:56 ioctl(7, TCGETS, {B38400 opost isig icanon echo ...}) = 0
58892 10:46:56 fcntl(5, F_SETFD, FD_CLOEXEC) = 0
58892 10:46:56 fcntl(6, F_SETFD, FD_CLOEXEC) = 0
58892 10:46:56 fcntl(7, F_SETFD, FD_CLOEXEC) = 0
58892 10:46:56 rt_sigaction(SIGHUP, NULL, {SIG_DFL, [], SA_RESTORER, 0x7fdf6f0c44b0}, 8) = 0
58892 10:46:56 rt_sigaction(SIGHUP, {SIG_IGN, [], SA_RESTORER, 0x7fdf6f0c44b0}, NULL, 8) = 0
58892 10:46:56 rt_sigaction(SIGHUP, NULL, {SIG_IGN, [], SA_RESTORER, 0x7fdf6f0c44b0}, 8) = 0
58892 10:46:56 rt_sigaction(SIGHUP, {0x560d5383e990, [], SA_RESTORER, 0x7fdf6f0c44b0}, NULL, 8) = 0
58892 10:46:56 rt_sigaction(SIGINT, NULL, {SIG_DFL, [], SA_RESTORER, 0x7fdf6f0c44b0}, 8) = 0
58892 10:46:56 rt_sigaction(SIGINT, {SIG_IGN, [], SA_RESTORER, 0x7fdf6f0c44b0}, NULL, 8) = 0
58892 10:46:56 rt_sigaction(SIGINT, NULL, {SIG_IGN, [], SA_RESTORER, 0x7fdf6f0c44b0}, 8) = 0
58892 10:46:56 rt_sigaction(SIGINT, {0x560d5383e990, [], SA_RESTORER, 0x7fdf6f0c44b0}, NULL, 8) = 0
58892 10:46:56 rt_sigaction(SIGQUIT, NULL, {SIG_DFL, [], SA_RESTORER, 0x7fdf6f0c44b0}, 8) = 0
58892 10:46:56 rt_sigaction(SIGQUIT, {SIG_IGN, [], SA_RESTORER, 0x7fdf6f0c44b0}, NULL, 8) = 0
58892 10:46:56 rt_sigaction(SIGQUIT, NULL, {SIG_IGN, [], SA_RESTORER, 0x7fdf6f0c44b0}, 8) = 0
58892 10:46:56 rt_sigaction(SIGQUIT, {0x560d5383e990, [], SA_RESTORER, 0x7fdf6f0c44b0}, NULL, 8) = 0
58892 10:46:56 rt_sigaction(SIGTERM, NULL, {SIG_DFL, [], SA_RESTORER, 0x7fdf6f0c44b0}, 8) = 0
58892 10:46:56 rt_sigaction(SIGTERM, {SIG_IGN, [], SA_RESTORER, 0x7fdf6f0c44b0}, NULL, 8) = 0
58892 10:46:56 rt_sigaction(SIGTERM, NULL, {SIG_IGN, [], SA_RESTORER, 0x7fdf6f0c44b0}, 8) = 0
58892 10:46:56 rt_sigaction(SIGTERM, {0x560d5383e990, [], SA_RESTORER, 0x7fdf6f0c44b0}, NULL, 8) = 0
58892 10:46:56 rt_sigaction(SIGWINCH, NULL, {SIG_DFL, [], 0}, 8) = 0
58892 10:46:56 rt_sigaction(SIGWINCH, {0x560d5383ec00, [], SA_RESTORER, 0x7fdf6f0c44b0}, NULL, 8) = 0
58892 10:46:56 ioctl(0, TCGETS, {B38400 opost isig icanon echo ...}) = 0
58892 10:46:56 ioctl(0, TCGETS, {B38400 opost isig icanon echo ...}) = 0
58892 10:46:56 ioctl(0, SNDCTL_TMR_STOP or TCSETSW, {B38400 -opost -isig -icanon -echo ...}) = 0
58892 10:46:56 ioctl(0, TCGETS, {B38400 -opost -isig -icanon -echo ...}) = 0
58892 10:46:56 clock_gettime(CLOCK_BOOTTIME, {11978, 196790001}) = 0
58892 10:46:56 clock_gettime(CLOCK_BOOTTIME, {11978, 196804183}) = 0
58892 10:46:56 select(8, [4], [4], NULL, NULL) = 1 (out [4])
58892 10:46:56 clock_gettime(CLOCK_BOOTTIME, {11978, 196837209}) = 0
58892 10:46:56 write(4, ">0-\264\227M\7n\16\240\306\241\31Cuq\214\363w\314\201\n\355\263\337\316K3\221\323\261\343"..., 112) = 112
58892 10:46:56 clock_gettime(CLOCK_BOOTTIME, {11978, 196961404}) = 0
58892 10:46:56 clock_gettime(CLOCK_BOOTTIME, {11978, 196998339}) = 0
58892 10:46:56 select(8, [4], [], NULL, NULL) = 1 (in [4])
58892 10:46:56 clock_gettime(CLOCK_BOOTTIME, {11978, 372350868}) = 0
58892 10:46:56 read(4, "\243\210\245-&\371'\210sr\357XGq\347\321\24\221\275XP\35\307\326\267\274\36hpl4\344"..., 8192) = 40
58892 10:46:56 getsockopt(4, SOL_TCP, TCP_NODELAY, [0], [4]) = 0
58892 10:46:56 setsockopt(4, SOL_TCP, TCP_NODELAY, [1], 4) = 0
58892 10:46:56 getsockname(4, {sa_family=AF_INET, sin_port=htons(47774), sin_addr=inet_addr("192.168.14.28")}, [16]) = 0
58892 10:46:56 setsockopt(4, SOL_IP, IP_TOS, [16], 4) = 0
58892 10:46:56 ioctl(0, TIOCGWINSZ, {ws_row=21, ws_col=125, ws_xpixel=0, ws_ypixel=0}) = 0
58892 10:46:56 clock_gettime(CLOCK_BOOTTIME, {11978, 372601341}) = 0
58892 10:46:56 clock_gettime(CLOCK_BOOTTIME, {11978, 372617853}) = 0
58892 10:46:56 select(8, [4], [4], NULL, NULL) = 1 (out [4])
58892 10:46:56 clock_gettime(CLOCK_BOOTTIME, {11978, 372651557}) = 0
58892 10:46:56 write(4, "\261,\326\206&&\300 \266\203\305Q\373\275,\232\377j\321\35F35i\6\343\356\241-;\214\21"..., 424) = 424
58892 10:46:56 clock_gettime(CLOCK_BOOTTIME, {11978, 372857660}) = 0
58892 10:46:56 clock_gettime(CLOCK_BOOTTIME, {11978, 372887000}) = 0
58892 10:46:56 select(8, [4], [], NULL, NULL) = 1 (in [4])
58892 10:46:56 clock_gettime(CLOCK_BOOTTIME, {11978, 378095649}) = 0
58892 10:46:56 read(4, "\37\266\7\211oq\346\367\21Z\301)\265\276\16h\24\260\202\236\204\231.H$1*\312Xd\33\225"..., 8192) = 88
58892 10:46:56 clock_gettime(CLOCK_BOOTTIME, {11978, 378138291}) = 0
58892 10:46:56 clock_gettime(CLOCK_BOOTTIME, {11978, 378150727}) = 0
58892 10:46:56 select(8, [4 5], [], NULL, NULL) = 1 (in [4])
58892 10:46:56 clock_gettime(CLOCK_BOOTTIME, {11978, 386623329}) = 0
58892 10:46:56 read(4, "\204C^Q\242zz\24\3\3200\322x\4w\366\257\204\202\344\34\257\322\227'\315\314pcRJ\332"..., 8192) = 88
58892 10:46:56 clock_gettime(CLOCK_BOOTTIME, {11978, 386747755}) = 0
58892 10:46:56 clock_gettime(CLOCK_BOOTTIME, {11978, 386761528}) = 0
58892 10:46:56 select(8, [4 5], [6], NULL, NULL) = 1 (out [6])
58892 10:46:56 clock_gettime(CLOCK_BOOTTIME, {11978, 386796320}) = 0
58892 10:46:56 write(6, "Last login: Sat Apr 22 10:41:01 "..., 58) = 58
58892 10:46:56 clock_gettime(CLOCK_BOOTTIME, {11978, 386851599}) = 0
58892 10:46:56 clock_gettime(CLOCK_BOOTTIME, {11978, 386865044}) = 0
58892 10:46:56 select(8, [4 5], [], NULL, NULL) = 1 (in [4])
58892 10:46:56 clock_gettime(CLOCK_BOOTTIME, {11978, 550197185}) = 0
58892 10:46:56 read(4, "(u\325V+\r\371vx\34\357\16VsO\365\"\23oe\263\203\32\202qc_\201l\365R\226"..., 8192) = 40
58892 10:46:56 clock_gettime(CLOCK_BOOTTIME, {11978, 550252312}) = 0
58892 10:46:56 clock_gettime(CLOCK_BOOTTIME, {11978, 550277979}) = 0
58892 10:46:56 select(8, [4 5], [6], NULL, NULL) = 1 (out [6])
58892 10:46:56 clock_gettime(CLOCK_BOOTTIME, {11978, 550318287}) = 0
58892 10:46:56 write(6, "[root@fan ~]# ", 14) = 14
58892 10:46:56 clock_gettime(CLOCK_BOOTTIME, {11978, 550382120}) = 0
58892 10:46:56 clock_gettime(CLOCK_BOOTTIME, {11978, 550397924}) = 0
58892 10:46:56 select(8, [4 5], [], NULL, NULL) = 1 (in [5])
58892 10:46:57 clock_gettime(CLOCK_BOOTTIME, {11979, 470393487}) = 0
58892 10:46:57 read(5, "\r", 16384)     = 1
58892 10:46:57 clock_gettime(CLOCK_BOOTTIME, {11979, 470445120}) = 0
58892 10:46:57 clock_gettime(CLOCK_BOOTTIME, {11979, 470458581}) = 0
58892 10:46:57 select(8, [4 5], [4], NULL, NULL) = 1 (out [4])
58892 10:46:57 clock_gettime(CLOCK_BOOTTIME, {11979, 470566012}) = 0
58892 10:46:57 write(4, "<\37]\215rZ\260z\342\227\322w+:\253\332q\3C\235\255P\212\247\370Pl}02\366\30"..., 40) = 40
58892 10:46:57 clock_gettime(CLOCK_BOOTTIME, {11979, 470864587}) = 0
58892 10:46:57 clock_gettime(CLOCK_BOOTTIME, {11979, 470895596}) = 0
58892 10:46:57 select(8, [4 5], [], NULL, NULL) = 1 (in [4])
58892 10:46:57 clock_gettime(CLOCK_BOOTTIME, {11979, 474704926}) = 0
58892 10:46:57 read(4, "\232]\27\322r\\\30\264$o\315\37\"\32\317\302D\30\356?\210\200\30e\26\\<\6\243M\236`"..., 8192) = 40
58892 10:46:57 clock_gettime(CLOCK_BOOTTIME, {11979, 474759019}) = 0
58892 10:46:57 clock_gettime(CLOCK_BOOTTIME, {11979, 474773039}) = 0
58892 10:46:57 select(8, [4 5], [6], NULL, NULL) = 1 (out [6])
58892 10:46:57 clock_gettime(CLOCK_BOOTTIME, {11979, 474808153}) = 0
58892 10:46:57 write(6, "\r\n", 2)      = 2
58892 10:46:57 clock_gettime(CLOCK_BOOTTIME, {11979, 474870190}) = 0
58892 10:46:57 clock_gettime(CLOCK_BOOTTIME, {11979, 474884764}) = 0
58892 10:46:57 select(8, [4 5], [], NULL, NULL) = 1 (in [4])
58892 10:46:57 clock_gettime(CLOCK_BOOTTIME, {11979, 477231660}) = 0
58892 10:46:57 read(4, "\312\v\320\250\20\n\0047\217e\17\377\266\211\5\377\223\222\206\267\216\270Q\201\5?\374\322\1\201P\235"..., 8192) = 40
58892 10:46:57 clock_gettime(CLOCK_BOOTTIME, {11979, 477285651}) = 0
58892 10:46:57 clock_gettime(CLOCK_BOOTTIME, {11979, 477299712}) = 0
58892 10:46:57 select(8, [4 5], [6], NULL, NULL) = 1 (out [6])
58892 10:46:57 clock_gettime(CLOCK_BOOTTIME, {11979, 477335150}) = 0
58892 10:46:57 write(6, "[root@fan ~]# ", 14) = 14
58892 10:46:57 clock_gettime(CLOCK_BOOTTIME, {11979, 477392341}) = 0
58892 10:46:57 clock_gettime(CLOCK_BOOTTIME, {11979, 477406892}) = 0
58892 10:46:57 select(8, [4 5], [], NULL, NULL) = 1 (in [5])
58892 10:46:58 clock_gettime(CLOCK_BOOTTIME, {11979, 870547429}) = 0
58892 10:46:58 read(5, "d", 16384)      = 1
58892 10:46:58 clock_gettime(CLOCK_BOOTTIME, {11979, 870596441}) = 0
58892 10:46:58 clock_gettime(CLOCK_BOOTTIME, {11979, 870610081}) = 0
58892 10:46:58 select(8, [4 5], [4], NULL, NULL) = 1 (out [4])
58892 10:46:58 clock_gettime(CLOCK_BOOTTIME, {11979, 870730747}) = 0
58892 10:46:58 write(4, "\260\241\350/za\273\273}V\371\230j:\27\355\216\275\230\321Q7bp\316_\"\270a\245\1\317"..., 40) = 40
58892 10:46:58 clock_gettime(CLOCK_BOOTTIME, {11979, 871498342}) = 0
58892 10:46:58 clock_gettime(CLOCK_BOOTTIME, {11979, 871515694}) = 0
58892 10:46:58 select(8, [4 5], [], NULL, NULL) = 1 (in [4])
58892 10:46:58 clock_gettime(CLOCK_BOOTTIME, {11979, 873818203}) = 0
58892 10:46:58 read(4, "i%\177\33\vq\252?\252s\200gV]D \344\34\223\377\302s\267\t\7\233\236m\325\1\253]"..., 8192) = 40
58892 10:46:58 clock_gettime(CLOCK_BOOTTIME, {11979, 873860716}) = 0
58892 10:46:58 clock_gettime(CLOCK_BOOTTIME, {11979, 873873923}) = 0
58892 10:46:58 select(8, [4 5], [6], NULL, NULL) = 1 (out [6])
58892 10:46:58 clock_gettime(CLOCK_BOOTTIME, {11979, 873906337}) = 0
58892 10:46:58 write(6, "d", 1)         = 1
58892 10:46:58 clock_gettime(CLOCK_BOOTTIME, {11979, 873959538}) = 0
58892 10:46:58 clock_gettime(CLOCK_BOOTTIME, {11979, 873973453}) = 0
58892 10:46:58 select(8, [4 5], [], NULL, NULL) = 1 (in [5])
58892 10:46:58 clock_gettime(CLOCK_BOOTTIME, {11979, 954031886}) = 0
58892 10:46:58 read(5, "f", 16384)      = 1
58892 10:46:58 clock_gettime(CLOCK_BOOTTIME, {11979, 954089035}) = 0
58892 10:46:58 clock_gettime(CLOCK_BOOTTIME, {11979, 954104076}) = 0
58892 10:46:58 select(8, [4 5], [4], NULL, NULL) = 1 (out [4])
58892 10:46:58 clock_gettime(CLOCK_BOOTTIME, {11979, 954137980}) = 0
58892 10:46:58 write(4, "R!\211\177\5\372z\234rh\321\260\250e\246#aI\243\32E\240\346\376l\255\17\6\222\323\350\374"..., 40) = 40
58892 10:46:58 clock_gettime(CLOCK_BOOTTIME, {11979, 954250550}) = 0
58892 10:46:58 clock_gettime(CLOCK_BOOTTIME, {11979, 954265475}) = 0
58892 10:46:58 select(8, [4 5], [], NULL, NULL) = 1 (in [4])
58892 10:46:58 clock_gettime(CLOCK_BOOTTIME, {11979, 956577517}) = 0
58892 10:46:58 read(4, "!\227\207_R*\26395b\203\215\250\323\361\255v\31\34qD\336a\277\35wm(\370\10\316\10"..., 8192) = 40
58892 10:46:58 clock_gettime(CLOCK_BOOTTIME, {11979, 956613048}) = 0
58892 10:46:58 clock_gettime(CLOCK_BOOTTIME, {11979, 956625813}) = 0
58892 10:46:58 select(8, [4 5], [6], NULL, NULL) = 1 (out [6])
58892 10:46:58 clock_gettime(CLOCK_BOOTTIME, {11979, 956657260}) = 0
58892 10:46:58 write(6, "f", 1)         = 1
58892 10:46:58 clock_gettime(CLOCK_BOOTTIME, {11979, 956705601}) = 0
58892 10:46:58 clock_gettime(CLOCK_BOOTTIME, {11979, 956719424}) = 0
58892 10:46:58 select(8, [4 5], [], NULL, NULL) = 1 (in [5])
58892 10:46:58 clock_gettime(CLOCK_BOOTTIME, {11980, 35046105}) = 0
58892 10:46:58 read(5, "\r", 16384)     = 1
58892 10:46:58 clock_gettime(CLOCK_BOOTTIME, {11980, 35092797}) = 0
58892 10:46:58 clock_gettime(CLOCK_BOOTTIME, {11980, 35106321}) = 0
58892 10:46:58 select(8, [4 5], [4], NULL, NULL) = 1 (out [4])
58892 10:46:58 clock_gettime(CLOCK_BOOTTIME, {11980, 35139686}) = 0
58892 10:46:58 write(4, "\337\324\372\231\357\267\276\205 \232\2241\217_\240O(\313\r\2452\225\311\f\331\371h\365\274\302\374\""..., 40) = 40
58892 10:46:58 clock_gettime(CLOCK_BOOTTIME, {11980, 35241902}) = 0
58892 10:46:58 clock_gettime(CLOCK_BOOTTIME, {11980, 35257494}) = 0
58892 10:46:58 select(8, [4 5], [], NULL, NULL) = 1 (in [4])
58892 10:46:58 clock_gettime(CLOCK_BOOTTIME, {11980, 38441610}) = 0
58892 10:46:58 read(4, "\235\374\236\324\3210\1\"\231b\4P\262\236\235AB\t\360\237\323\243\264IN:C\274R\302\367\341"..., 8192) = 40
58892 10:46:58 clock_gettime(CLOCK_BOOTTIME, {11980, 38487490}) = 0
58892 10:46:58 clock_gettime(CLOCK_BOOTTIME, {11980, 38500174}) = 0
58892 10:46:58 select(8, [4 5], [6], NULL, NULL) = 1 (out [6])
58892 10:46:58 clock_gettime(CLOCK_BOOTTIME, {11980, 38531221}) = 0
58892 10:46:58 write(6, "\r\n", 2)      = 2
58892 10:46:58 clock_gettime(CLOCK_BOOTTIME, {11980, 38579994}) = 0
58892 10:46:58 clock_gettime(CLOCK_BOOTTIME, {11980, 38593548}) = 0
58892 10:46:58 select(8, [4 5], [], NULL, NULL) = 1 (in [4])
58892 10:46:58 clock_gettime(CLOCK_BOOTTIME, {11980, 42483914}) = 0
58892 10:46:58 read(4, "\224\334\0s\213\274\334\267O\310\201r\270u;\375\331\326w%m\27\\\242\363Zm\236\322f\343y"..., 8192) = 264
58892 10:46:58 clock_gettime(CLOCK_BOOTTIME, {11980, 42603258}) = 0
58892 10:46:58 clock_gettime(CLOCK_BOOTTIME, {11980, 42648144}) = 0
58892 10:46:58 select(8, [4 5], [6], NULL, NULL) = 1 (out [6])
58892 10:46:58 clock_gettime(CLOCK_BOOTTIME, {11980, 42681424}) = 0
58892 10:46:58 write(6, "Filesystem     1K-blocks    Used"..., 238) = 238
58892 10:46:58 clock_gettime(CLOCK_BOOTTIME, {11980, 42782830}) = 0
58892 10:46:58 clock_gettime(CLOCK_BOOTTIME, {11980, 42812040}) = 0
58892 10:46:58 select(8, [4 5], [], NULL, NULL) = 1 (in [5])
58892 10:46:58 clock_gettime(CLOCK_BOOTTIME, {11980, 392572140}) = 0
58892 10:46:58 read(5, "l", 16384)      = 1
58892 10:46:58 clock_gettime(CLOCK_BOOTTIME, {11980, 392622563}) = 0
58892 10:46:58 clock_gettime(CLOCK_BOOTTIME, {11980, 392636338}) = 0
58892 10:46:58 select(8, [4 5], [4], NULL, NULL) = 1 (out [4])
58892 10:46:58 clock_gettime(CLOCK_BOOTTIME, {11980, 392670018}) = 0
58892 10:46:58 write(4, "\227\314\33n]\211r\273s\345\317\376\325wZp\330\253\23\244u5\340r\257\256\376|\241\346&="..., 40) = 40
58892 10:46:58 clock_gettime(CLOCK_BOOTTIME, {11980, 392776576}) = 0
58892 10:46:58 clock_gettime(CLOCK_BOOTTIME, {11980, 392792045}) = 0
58892 10:46:58 select(8, [4 5], [], NULL, NULL) = 1 (in [4])
58892 10:46:58 clock_gettime(CLOCK_BOOTTIME, {11980, 395601559}) = 0
58892 10:46:58 read(4, "**\16j\211/\375J\366\344\331\332Z\347\334h\271R\341U\251\21\361\233X\360\275Hm\205\360e"..., 8192) = 40
58892 10:46:58 clock_gettime(CLOCK_BOOTTIME, {11980, 395643354}) = 0
58892 10:46:58 clock_gettime(CLOCK_BOOTTIME, {11980, 395656448}) = 0
58892 10:46:58 select(8, [4 5], [6], NULL, NULL) = 1 (out [6])
58892 10:46:58 clock_gettime(CLOCK_BOOTTIME, {11980, 395688983}) = 0
58892 10:46:58 write(6, "l", 1)         = 1
58892 10:46:58 clock_gettime(CLOCK_BOOTTIME, {11980, 395741547}) = 0
58892 10:46:58 clock_gettime(CLOCK_BOOTTIME, {11980, 395755252}) = 0
58892 10:46:58 select(8, [4 5], [], NULL, NULL) = 1 (in [5])
58892 10:46:58 clock_gettime(CLOCK_BOOTTIME, {11980, 502380389}) = 0
58892 10:46:58 read(5, "s", 16384)      = 1
58892 10:46:58 clock_gettime(CLOCK_BOOTTIME, {11980, 502511334}) = 0
58892 10:46:58 clock_gettime(CLOCK_BOOTTIME, {11980, 502554594}) = 0
58892 10:46:58 select(8, [4 5], [4], NULL, NULL) = 1 (out [4])
58892 10:46:58 clock_gettime(CLOCK_BOOTTIME, {11980, 502906632}) = 0
58892 10:46:58 write(4, "\16\23D\203m\353c\232F\205w\306\5\24\230w~\240\365\311\330\264\270\276&L\25\254^\310If"..., 40) = 40
58892 10:46:58 clock_gettime(CLOCK_BOOTTIME, {11980, 503202497}) = 0
58892 10:46:58 clock_gettime(CLOCK_BOOTTIME, {11980, 503252843}) = 0
58892 10:46:58 select(8, [4 5], [], NULL, NULL) = 1 (in [4])
58892 10:46:58 clock_gettime(CLOCK_BOOTTIME, {11980, 506254243}) = 0
58892 10:46:58 read(4, "\275g\217\240\233Q\200\223\220\251\276\337\304\350\262\201m\375XD\222\323\366a\350\"\3106\321\223uL"..., 8192) = 40
58892 10:46:58 clock_gettime(CLOCK_BOOTTIME, {11980, 506376340}) = 0
58892 10:46:58 clock_gettime(CLOCK_BOOTTIME, {11980, 506418629}) = 0
58892 10:46:58 select(8, [4 5], [6], NULL, NULL) = 1 (out [6])
58892 10:46:58 clock_gettime(CLOCK_BOOTTIME, {11980, 506525376}) = 0
58892 10:46:58 write(6, "s", 1)         = 1
58892 10:46:58 clock_gettime(CLOCK_BOOTTIME, {11980, 506681620}) = 0
58892 10:46:58 clock_gettime(CLOCK_BOOTTIME, {11980, 506725310}) = 0
58892 10:46:58 select(8, [4 5], [], NULL, NULL) = 1 (in [5])
58892 10:46:59 clock_gettime(CLOCK_BOOTTIME, {11980, 639294983}) = 0
58892 10:46:59 read(5, "\r", 16384)     = 1
58892 10:46:59 clock_gettime(CLOCK_BOOTTIME, {11980, 639367241}) = 0
58892 10:46:59 clock_gettime(CLOCK_BOOTTIME, {11980, 639387729}) = 0
58892 10:46:59 select(8, [4 5], [4], NULL, NULL) = 1 (out [4])
58892 10:46:59 clock_gettime(CLOCK_BOOTTIME, {11980, 639436966}) = 0
58892 10:46:59 write(4, "`\0330\242[\36c83Q\2764\300}\v\342m\3\247\363\366H\2130'\311\24rW2\302\313"..., 40) = 40
58892 10:46:59 clock_gettime(CLOCK_BOOTTIME, {11980, 639583851}) = 0
58892 10:46:59 clock_gettime(CLOCK_BOOTTIME, {11980, 639606409}) = 0
58892 10:46:59 select(8, [4 5], [], NULL, NULL) = 1 (in [4])
58892 10:46:59 clock_gettime(CLOCK_BOOTTIME, {11980, 644035096}) = 0
58892 10:46:59 read(4, "\353H\311S\2154=Rd\222P\rKe\22\215\202\35^\375\377\300\363\226\361H\216\207'\335\201\220"..., 8192) = 40
58892 10:46:59 clock_gettime(CLOCK_BOOTTIME, {11980, 644102032}) = 0
58892 10:46:59 clock_gettime(CLOCK_BOOTTIME, {11980, 644121999}) = 0
58892 10:46:59 select(8, [4 5], [6], NULL, NULL) = 1 (out [6])
58892 10:46:59 clock_gettime(CLOCK_BOOTTIME, {11980, 644171714}) = 0
58892 10:46:59 write(6, "\r\n", 2)      = 2
58892 10:46:59 clock_gettime(CLOCK_BOOTTIME, {11980, 644280996}) = 0
58892 10:46:59 clock_gettime(CLOCK_BOOTTIME, {11980, 644302610}) = 0
58892 10:46:59 select(8, [4 5], [], NULL, NULL) = 1 (in [4])
58892 10:46:59 clock_gettime(CLOCK_BOOTTIME, {11980, 647259580}) = 0
58892 10:46:59 read(4, "g\35\33\237\210\341}\265\200o{\337\363\246\317:\355\f\"\276u\236&O\347\240\256\37{\351\300."..., 8192) = 168
58892 10:46:59 clock_gettime(CLOCK_BOOTTIME, {11980, 647330732}) = 0
58892 10:46:59 clock_gettime(CLOCK_BOOTTIME, {11980, 647350870}) = 0
58892 10:46:59 select(8, [4 5], [6], NULL, NULL) = 1 (out [6])
58892 10:46:59 clock_gettime(CLOCK_BOOTTIME, {11980, 647401201}) = 0
58892 10:46:59 write(6, "anaconda-ks.cfg  install.log  in"..., 137) = 137
58892 10:46:59 clock_gettime(CLOCK_BOOTTIME, {11980, 647620209}) = 0
58892 10:46:59 clock_gettime(CLOCK_BOOTTIME, {11980, 647647286}) = 0
58892 10:46:59 select(8, [4 5], [], NULL, NULL) = 1 (in [5])
58892 10:46:59 clock_gettime(CLOCK_BOOTTIME, {11981, 27771157}) = 0
58892 10:46:59 read(5, "t", 16384)      = 1
58892 10:46:59 clock_gettime(CLOCK_BOOTTIME, {11981, 27845804}) = 0
58892 10:46:59 clock_gettime(CLOCK_BOOTTIME, {11981, 27876017}) = 0
58892 10:46:59 select(8, [4 5], [4], NULL, NULL) = 1 (out [4])
58892 10:46:59 clock_gettime(CLOCK_BOOTTIME, {11981, 27923633}) = 0
58892 10:46:59 write(4, "\212O\210f\332\274\365\257d\317r\360d\306\274G?o\223-\342r\327\25\267\331sU\31\250\366\272"..., 40) = 40
58892 10:46:59 clock_gettime(CLOCK_BOOTTIME, {11981, 28138810}) = 0
58892 10:46:59 clock_gettime(CLOCK_BOOTTIME, {11981, 28184795}) = 0
58892 10:46:59 select(8, [4 5], [], NULL, NULL) = 1 (in [4])
58892 10:46:59 clock_gettime(CLOCK_BOOTTIME, {11981, 30728004}) = 0
58892 10:46:59 read(4, "\361U\2274\\\7he^\301\315\32~#\0079\354\334\27\355{\"P\312\204\361Kt\343p\352+"..., 8192) = 40
58892 10:46:59 clock_gettime(CLOCK_BOOTTIME, {11981, 30769763}) = 0
58892 10:46:59 clock_gettime(CLOCK_BOOTTIME, {11981, 30783042}) = 0
58892 10:46:59 select(8, [4 5], [6], NULL, NULL) = 1 (out [6])
58892 10:46:59 clock_gettime(CLOCK_BOOTTIME, {11981, 30815666}) = 0
58892 10:46:59 write(6, "t", 1)         = 1
58892 10:46:59 clock_gettime(CLOCK_BOOTTIME, {11981, 30868095}) = 0
58892 10:46:59 clock_gettime(CLOCK_BOOTTIME, {11981, 30881964}) = 0
58892 10:46:59 select(8, [4 5], [], NULL, NULL) = 1 (in [5])
58892 10:46:59 clock_gettime(CLOCK_BOOTTIME, {11981, 387580945}) = 0
58892 10:46:59 read(5, "\10", 16384)    = 1
58892 10:46:59 clock_gettime(CLOCK_BOOTTIME, {11981, 387630293}) = 0
58892 10:46:59 clock_gettime(CLOCK_BOOTTIME, {11981, 387643712}) = 0
58892 10:46:59 select(8, [4 5], [4], NULL, NULL) = 1 (out [4])
58892 10:46:59 clock_gettime(CLOCK_BOOTTIME, {11981, 387677386}) = 0
58892 10:46:59 write(4, "\30M\372\343\215\346\4fAr\212\314\237$|46\265\272\220\335\1\37\264\224UZj(`\227\371"..., 40) = 40
58892 10:46:59 clock_gettime(CLOCK_BOOTTIME, {11981, 387781439}) = 0
58892 10:46:59 clock_gettime(CLOCK_BOOTTIME, {11981, 387796773}) = 0
58892 10:46:59 select(8, [4 5], [], NULL, NULL) = 1 (in [4])
58892 10:46:59 clock_gettime(CLOCK_BOOTTIME, {11981, 390525113}) = 0
58892 10:46:59 read(4, "<\215Pk\220\37\261L\262\252\323\357\32\r<)\362W\3470~Xf\341s_@G\v${\257"..., 8192) = 40
58892 10:46:59 clock_gettime(CLOCK_BOOTTIME, {11981, 390562729}) = 0
58892 10:46:59 clock_gettime(CLOCK_BOOTTIME, {11981, 390575420}) = 0
58892 10:46:59 select(8, [4 5], [6], NULL, NULL) = 1 (out [6])
58892 10:46:59 clock_gettime(CLOCK_BOOTTIME, {11981, 390606140}) = 0
58892 10:46:59 write(6, "\10\33[K", 4)  = 4
58892 10:46:59 clock_gettime(CLOCK_BOOTTIME, {11981, 390669053}) = 0
58892 10:46:59 clock_gettime(CLOCK_BOOTTIME, {11981, 390682929}) = 0
58892 10:46:59 select(8, [4 5], [], NULL, NULL) = 1 (in [5])
58892 10:47:00 clock_gettime(CLOCK_BOOTTIME, {11981, 585427912}) = 0
58892 10:47:00 read(5, "p", 16384)      = 1
58892 10:47:00 clock_gettime(CLOCK_BOOTTIME, {11981, 585475042}) = 0
58892 10:47:00 clock_gettime(CLOCK_BOOTTIME, {11981, 585488166}) = 0
58892 10:47:00 select(8, [4 5], [4], NULL, NULL) = 1 (out [4])
58892 10:47:00 clock_gettime(CLOCK_BOOTTIME, {11981, 585520757}) = 0
58892 10:47:00 write(4, "\256\246\277\322p6\332\371\v\343\357\177.7\241\16\4\2335\335Va\33\262\351#\244.\221\0058\207"..., 40) = 40
58892 10:47:00 clock_gettime(CLOCK_BOOTTIME, {11981, 585621542}) = 0
58892 10:47:00 clock_gettime(CLOCK_BOOTTIME, {11981, 585636583}) = 0
58892 10:47:00 select(8, [4 5], [], NULL, NULL) = 1 (in [4])
58892 10:47:00 clock_gettime(CLOCK_BOOTTIME, {11981, 587512474}) = 0
58892 10:47:00 read(4, "\212\250\254\f-q\324\302\205_'DQ\313t\376\231A\253\5\17\361\331\375\310}r\25\231\304\255\347"..., 8192) = 40
58892 10:47:00 clock_gettime(CLOCK_BOOTTIME, {11981, 587563697}) = 0
58892 10:47:00 clock_gettime(CLOCK_BOOTTIME, {11981, 587591638}) = 0
58892 10:47:00 select(8, [4 5], [6], NULL, NULL) = 1 (out [6])
58892 10:47:00 clock_gettime(CLOCK_BOOTTIME, {11981, 587633213}) = 0
58892 10:47:00 write(6, "p", 1)         = 1
58892 10:47:00 clock_gettime(CLOCK_BOOTTIME, {11981, 587682485}) = 0
58892 10:47:00 clock_gettime(CLOCK_BOOTTIME, {11981, 587726911}) = 0
58892 10:47:00 select(8, [4 5], [], NULL, NULL) = 1 (in [5])
58892 10:47:00 clock_gettime(CLOCK_BOOTTIME, {11981, 672584672}) = 0
58892 10:47:00 read(5, "w", 16384)      = 1
58892 10:47:00 clock_gettime(CLOCK_BOOTTIME, {11981, 672713957}) = 0
58892 10:47:00 clock_gettime(CLOCK_BOOTTIME, {11981, 672727709}) = 0
58892 10:47:00 select(8, [4 5], [4], NULL, NULL) = 1 (out [4])
58892 10:47:00 clock_gettime(CLOCK_BOOTTIME, {11981, 672762231}) = 0
58892 10:47:00 write(4, "\22\0\272*\257w\207\316\227\322]\202@\360\206~$\r>\363\273\261\335\254\355/\346~\2666\300\177"..., 40) = 40
58892 10:47:00 clock_gettime(CLOCK_BOOTTIME, {11981, 672927549}) = 0
58892 10:47:00 clock_gettime(CLOCK_BOOTTIME, {11981, 672941592}) = 0
58892 10:47:00 select(8, [4 5], [], NULL, NULL) = 1 (in [4])
58892 10:47:00 clock_gettime(CLOCK_BOOTTIME, {11981, 676736262}) = 0
58892 10:47:00 read(4, "\246O\3110{S\307\312\236PV\243A\2\2\375\337\236\256\346\311A\336\270\225H]PY\237+~"..., 8192) = 40
58892 10:47:00 clock_gettime(CLOCK_BOOTTIME, {11981, 676815394}) = 0
58892 10:47:00 clock_gettime(CLOCK_BOOTTIME, {11981, 676829924}) = 0
58892 10:47:00 select(8, [4 5], [6], NULL, NULL) = 1 (out [6])
58892 10:47:00 clock_gettime(CLOCK_BOOTTIME, {11981, 676864462}) = 0
58892 10:47:00 write(6, "w", 1)         = 1
58892 10:47:00 clock_gettime(CLOCK_BOOTTIME, {11981, 676917925}) = 0
58892 10:47:00 clock_gettime(CLOCK_BOOTTIME, {11981, 676931799}) = 0
58892 10:47:00 select(8, [4 5], [], NULL, NULL) = 1 (in [5])
58892 10:47:00 clock_gettime(CLOCK_BOOTTIME, {11981, 821001018}) = 0
58892 10:47:00 read(5, "\r", 16384)     = 1
58892 10:47:00 clock_gettime(CLOCK_BOOTTIME, {11981, 821060883}) = 0
58892 10:47:00 clock_gettime(CLOCK_BOOTTIME, {11981, 821074184}) = 0
58892 10:47:00 select(8, [4 5], [4], NULL, NULL) = 1 (out [4])
58892 10:47:00 clock_gettime(CLOCK_BOOTTIME, {11981, 821107027}) = 0
58892 10:47:00 write(4, "\217\34\35\r\343\36b\\\272#\22t\346\265\336\34\235<m\207\252\354h\36\31ak+\350\20\1\254"..., 40) = 40
58892 10:47:00 clock_gettime(CLOCK_BOOTTIME, {11981, 821227387}) = 0
58892 10:47:00 clock_gettime(CLOCK_BOOTTIME, {11981, 821242400}) = 0
58892 10:47:00 select(8, [4 5], [], NULL, NULL) = 1 (in [4])
58892 10:47:00 clock_gettime(CLOCK_BOOTTIME, {11981, 823995797}) = 0
58892 10:47:00 read(4, "\tt5erz\222\206\36h.ZqI\21\273\342\2706\317\24\333y)\17\345D?Q\242%\336"..., 8192) = 72
58892 10:47:00 clock_gettime(CLOCK_BOOTTIME, {11981, 824043925}) = 0
58892 10:47:00 clock_gettime(CLOCK_BOOTTIME, {11981, 824057462}) = 0
58892 10:47:00 select(8, [4 5], [6], NULL, NULL) = 1 (out [6])
58892 10:47:00 clock_gettime(CLOCK_BOOTTIME, {11981, 824090780}) = 0
58892 10:47:00 write(6, "\r\n-bash: pw: command not found\r\n"..., 46) = 46
58892 10:47:00 clock_gettime(CLOCK_BOOTTIME, {11981, 824215464}) = 0
58892 10:47:00 clock_gettime(CLOCK_BOOTTIME, {11981, 824230087}) = 0
58892 10:47:00 select(8, [4 5], [], NULL, NULL) = 1 (in [5])
58892 10:47:00 clock_gettime(CLOCK_BOOTTIME, {11982, 116844919}) = 0
58892 10:47:00 read(5, "d", 16384)      = 1
58892 10:47:00 clock_gettime(CLOCK_BOOTTIME, {11982, 116894094}) = 0
58892 10:47:00 clock_gettime(CLOCK_BOOTTIME, {11982, 116907410}) = 0
58892 10:47:00 select(8, [4 5], [4], NULL, NULL) = 1 (out [4])
58892 10:47:00 clock_gettime(CLOCK_BOOTTIME, {11982, 116940525}) = 0
58892 10:47:00 write(4, "Y\257\25\247D\206\325^\344\31\fD\322D#\303\307\332\366'5\237\310\301<a\323\23\360\f\364\271"..., 40) = 40
58892 10:47:00 clock_gettime(CLOCK_BOOTTIME, {11982, 117080391}) = 0
58892 10:47:00 clock_gettime(CLOCK_BOOTTIME, {11982, 117095405}) = 0
58892 10:47:00 select(8, [4 5], [], NULL, NULL) = 1 (in [4])
58892 10:47:00 clock_gettime(CLOCK_BOOTTIME, {11982, 120571640}) = 0
58892 10:47:00 read(4, "\220-)\322\345U!\23\266\337\33\354\224\274\234\360\255\23\17\240\270\253\224\251\274\234\210\262\261\5N\237"..., 8192) = 40
58892 10:47:00 clock_gettime(CLOCK_BOOTTIME, {11982, 120645647}) = 0
58892 10:47:00 clock_gettime(CLOCK_BOOTTIME, {11982, 120659650}) = 0
58892 10:47:00 select(8, [4 5], [6], NULL, NULL) = 1 (out [6])
58892 10:47:00 clock_gettime(CLOCK_BOOTTIME, {11982, 120692787}) = 0
58892 10:47:00 write(6, "d", 1)         = 1
58892 10:47:00 clock_gettime(CLOCK_BOOTTIME, {11982, 120758862}) = 0
58892 10:47:00 clock_gettime(CLOCK_BOOTTIME, {11982, 120773214}) = 0
58892 10:47:00 select(8, [4 5], [], NULL, NULL) = 1 (in [5])
58892 10:47:01 clock_gettime(CLOCK_BOOTTIME, {11982, 605261311}) = 0
58892 10:47:01 read(5, "\r", 16384)     = 1
58892 10:47:01 clock_gettime(CLOCK_BOOTTIME, {11982, 605399056}) = 0
58892 10:47:01 clock_gettime(CLOCK_BOOTTIME, {11982, 605442466}) = 0
58892 10:47:01 select(8, [4 5], [4], NULL, NULL) = 1 (out [4])
58892 10:47:01 clock_gettime(CLOCK_BOOTTIME, {11982, 605599264}) = 0
58892 10:47:01 write(4, "\257.{\265\177L\246b\370q/\242b\254Y\212\3428j\332\2=+d(\31\244\240\24\370>\356"..., 40) = 40
58892 10:47:01 clock_gettime(CLOCK_BOOTTIME, {11982, 605909323}) = 0
58892 10:47:01 clock_gettime(CLOCK_BOOTTIME, {11982, 605958857}) = 0
58892 10:47:01 select(8, [4 5], [], NULL, NULL) = 1 (in [4])
58892 10:47:01 clock_gettime(CLOCK_BOOTTIME, {11982, 609365991}) = 0
58892 10:47:01 read(4, "\320\355u(^\330\245w\321\326\273\r!\361<\364\31Ol\307\225\24\22|v\20_\30\307\6R\374"..., 8192) = 72
58892 10:47:01 clock_gettime(CLOCK_BOOTTIME, {11982, 609543604}) = 0
58892 10:47:01 clock_gettime(CLOCK_BOOTTIME, {11982, 609590774}) = 0
58892 10:47:01 select(8, [4 5], [6], NULL, NULL) = 1 (out [6])
58892 10:47:01 clock_gettime(CLOCK_BOOTTIME, {11982, 609700846}) = 0
58892 10:47:01 write(6, "\r\n-bash: d: command not found\r\n["..., 45) = 45
58892 10:47:01 clock_gettime(CLOCK_BOOTTIME, {11982, 609846943}) = 0
58892 10:47:01 clock_gettime(CLOCK_BOOTTIME, {11982, 609892065}) = 0
58892 10:47:01 select(8, [4 5], [], NULL, NULL) = 1 (in [5])
58892 10:47:01 clock_gettime(CLOCK_BOOTTIME, {11982, 844849554}) = 0
58892 10:47:01 read(5, "s", 16384)      = 1
58892 10:47:01 clock_gettime(CLOCK_BOOTTIME, {11982, 844898438}) = 0
58892 10:47:01 clock_gettime(CLOCK_BOOTTIME, {11982, 844912014}) = 0
58892 10:47:01 select(8, [4 5], [4], NULL, NULL) = 1 (out [4])
58892 10:47:01 clock_gettime(CLOCK_BOOTTIME, {11982, 844946237}) = 0
58892 10:47:01 write(4, ":\237[\276\202\240\4n\277\360\314Z\24?\226\356\300O&d6\311\"\264\32\333\356\351\270\307\260\352"..., 40) = 40
58892 10:47:01 clock_gettime(CLOCK_BOOTTIME, {11982, 845049696}) = 0
58892 10:47:01 clock_gettime(CLOCK_BOOTTIME, {11982, 845065293}) = 0
58892 10:47:01 select(8, [4 5], [], NULL, NULL) = 1 (in [4])
58892 10:47:01 clock_gettime(CLOCK_BOOTTIME, {11982, 848375592}) = 0
58892 10:47:01 read(4, "F\260ne\255_\310\254\224C\233=R\253 {0\326'\254\325|\247z\273\224\344\36\20$\250\25"..., 8192) = 40
58892 10:47:01 clock_gettime(CLOCK_BOOTTIME, {11982, 848426024}) = 0
58892 10:47:01 clock_gettime(CLOCK_BOOTTIME, {11982, 848439139}) = 0
58892 10:47:01 select(8, [4 5], [6], NULL, NULL) = 1 (out [6])
58892 10:47:01 clock_gettime(CLOCK_BOOTTIME, {11982, 848472291}) = 0
58892 10:47:01 write(6, "s", 1)         = 1
58892 10:47:01 clock_gettime(CLOCK_BOOTTIME, {11982, 848521577}) = 0
58892 10:47:01 clock_gettime(CLOCK_BOOTTIME, {11982, 848535102}) = 0
58892 10:47:01 select(8, [4 5], [], NULL, NULL) = 1 (in [5])
58892 10:47:01 clock_gettime(CLOCK_BOOTTIME, {11982, 889476185}) = 0
58892 10:47:01 read(5, "d", 16384)      = 1
58892 10:47:01 clock_gettime(CLOCK_BOOTTIME, {11982, 889525013}) = 0
58892 10:47:01 clock_gettime(CLOCK_BOOTTIME, {11982, 889552813}) = 0
58892 10:47:01 select(8, [4 5], [4], NULL, NULL) = 1 (out [4])
58892 10:47:01 clock_gettime(CLOCK_BOOTTIME, {11982, 889590092}) = 0
58892 10:47:01 write(4, "|+U\34=\5\352\206@H\2132\207\364\357\224\264\371Q.\226\332\230Mr\256\213>\205\17\302\234"..., 40) = 40
58892 10:47:01 clock_gettime(CLOCK_BOOTTIME, {11982, 889692624}) = 0
58892 10:47:01 clock_gettime(CLOCK_BOOTTIME, {11982, 889718771}) = 0
58892 10:47:01 select(8, [4 5], [], NULL, NULL) = 1 (in [4])
58892 10:47:01 clock_gettime(CLOCK_BOOTTIME, {11982, 892621922}) = 0
58892 10:47:01 read(4, "\264\t|\230-\216@\251=:X\231\266TZ7\365^\t\352\232C\354C\1\20\226\5_\304e\245"..., 8192) = 40
58892 10:47:01 clock_gettime(CLOCK_BOOTTIME, {11982, 892659710}) = 0
58892 10:47:01 clock_gettime(CLOCK_BOOTTIME, {11982, 892672815}) = 0
58892 10:47:01 select(8, [4 5], [6], NULL, NULL) = 1 (out [6])
58892 10:47:01 clock_gettime(CLOCK_BOOTTIME, {11982, 892704919}) = 0
58892 10:47:01 write(6, "d", 1)         = 1
58892 10:47:01 clock_gettime(CLOCK_BOOTTIME, {11982, 892750239}) = 0
58892 10:47:01 clock_gettime(CLOCK_BOOTTIME, {11982, 892779539}) = 0
58892 10:47:01 select(8, [4 5], [], NULL, NULL) = 1 (in [5])
58892 10:47:01 clock_gettime(CLOCK_BOOTTIME, {11982, 949473005}) = 0
58892 10:47:01 read(5, "f", 16384)      = 1
58892 10:47:01 clock_gettime(CLOCK_BOOTTIME, {11982, 949521125}) = 0
58892 10:47:01 clock_gettime(CLOCK_BOOTTIME, {11982, 949534883}) = 0
58892 10:47:01 select(8, [4 5], [4], NULL, NULL) = 1 (out [4])
58892 10:47:01 clock_gettime(CLOCK_BOOTTIME, {11982, 949568622}) = 0
58892 10:47:01 write(4, "\37i\256\206\370\31\333\345y\227\37\316d/a\34$zB\314\251\376\337\367\200\fl\272a\321\334["..., 40) = 40
58892 10:47:01 clock_gettime(CLOCK_BOOTTIME, {11982, 949672345}) = 0
58892 10:47:01 clock_gettime(CLOCK_BOOTTIME, {11982, 949688175}) = 0
58892 10:47:01 select(8, [4 5], [], NULL, NULL) = 1 (in [4])
58892 10:47:01 clock_gettime(CLOCK_BOOTTIME, {11982, 952824789}) = 0
58892 10:47:01 read(4, "\372g\265c\245\234\264\226\300*w\342\352\251\317+\211g5\265a\230S0\201K\367\240\206\335\215e"..., 8192) = 40
58892 10:47:01 clock_gettime(CLOCK_BOOTTIME, {11982, 952874744}) = 0
58892 10:47:01 clock_gettime(CLOCK_BOOTTIME, {11982, 952888326}) = 0
58892 10:47:01 select(8, [4 5], [6], NULL, NULL) = 1 (out [6])
58892 10:47:01 clock_gettime(CLOCK_BOOTTIME, {11982, 952933650}) = 0
58892 10:47:01 write(6, "f", 1)         = 1
58892 10:47:01 clock_gettime(CLOCK_BOOTTIME, {11982, 952983774}) = 0
58892 10:47:01 clock_gettime(CLOCK_BOOTTIME, {11982, 953014153}) = 0
58892 10:47:01 select(8, [4 5], [], NULL, NULL) = 1 (in [5])
58892 10:47:01 clock_gettime(CLOCK_BOOTTIME, {11983, 69720799}) = 0
58892 10:47:01 read(5, "s", 16384)      = 1
58892 10:47:01 clock_gettime(CLOCK_BOOTTIME, {11983, 69773886}) = 0
58892 10:47:01 clock_gettime(CLOCK_BOOTTIME, {11983, 69787062}) = 0
58892 10:47:01 select(8, [4 5], [4], NULL, NULL) = 1 (out [4])
58892 10:47:01 clock_gettime(CLOCK_BOOTTIME, {11983, 69821823}) = 0
58892 10:47:01 write(4, "\373\241\363*\240 K\214*\267\nV\34\254Ss\3631\355\232\356\356\310\324+X\305.{\316[z"..., 40) = 40
58892 10:47:01 clock_gettime(CLOCK_BOOTTIME, {11983, 70024945}) = 0
58892 10:47:01 clock_gettime(CLOCK_BOOTTIME, {11983, 70080769}) = 0
58892 10:47:01 select(8, [4 5], [], NULL, NULL) = 1 (in [4])
58892 10:47:01 clock_gettime(CLOCK_BOOTTIME, {11983, 73001599}) = 0
58892 10:47:01 read(4, "ix.\256\377u\276\210-4L\3\365@\336/\300\"\v\241\342n\23l{]\20\25\335K\243\242"..., 8192) = 40
58892 10:47:01 clock_gettime(CLOCK_BOOTTIME, {11983, 73044928}) = 0
58892 10:47:01 clock_gettime(CLOCK_BOOTTIME, {11983, 73058168}) = 0
58892 10:47:01 select(8, [4 5], [6], NULL, NULL) = 1 (out [6])
58892 10:47:01 clock_gettime(CLOCK_BOOTTIME, {11983, 73092092}) = 0
58892 10:47:01 write(6, "s", 1)         = 1
58892 10:47:01 clock_gettime(CLOCK_BOOTTIME, {11983, 73139408}) = 0
58892 10:47:01 clock_gettime(CLOCK_BOOTTIME, {11983, 73153444}) = 0
58892 10:47:01 select(8, [4 5], [], NULL, NULL) = 1 (in [5])
58892 10:47:01 clock_gettime(CLOCK_BOOTTIME, {11983, 102089030}) = 0
58892 10:47:01 read(5, "d", 16384)      = 1
58892 10:47:01 clock_gettime(CLOCK_BOOTTIME, {11983, 102179738}) = 0
58892 10:47:01 clock_gettime(CLOCK_BOOTTIME, {11983, 102221112}) = 0
58892 10:47:01 select(8, [4 5], [4], NULL, NULL) = 1 (out [4])
58892 10:47:01 clock_gettime(CLOCK_BOOTTIME, {11983, 102280752}) = 0
58892 10:47:01 write(4, "\25\2752\n\227\335\247PA\312\335\255\267\246\373\275\347\247\2002\317\20\377\306\241\330\300!I\"\30\22"..., 40) = 40
58892 10:47:01 clock_gettime(CLOCK_BOOTTIME, {11983, 102477294}) = 0
58892 10:47:01 clock_gettime(CLOCK_BOOTTIME, {11983, 102508993}) = 0
58892 10:47:01 select(8, [4 5], [], NULL, NULL) = 1 (in [4])
58892 10:47:01 clock_gettime(CLOCK_BOOTTIME, {11983, 104320067}) = 0
58892 10:47:01 read(4, "\236x\\T\254\223\333\210\255AA% \255\r\232v\327\242k&\301\312\314-|\31p\327\261%\277"..., 8192) = 40
58892 10:47:01 clock_gettime(CLOCK_BOOTTIME, {11983, 104358573}) = 0
58892 10:47:01 clock_gettime(CLOCK_BOOTTIME, {11983, 104372393}) = 0
58892 10:47:01 select(8, [4 5], [6], NULL, NULL) = 1 (out [6])
58892 10:47:01 clock_gettime(CLOCK_BOOTTIME, {11983, 104405560}) = 0
58892 10:47:01 write(6, "d", 1)         = 1
58892 10:47:01 clock_gettime(CLOCK_BOOTTIME, {11983, 104465742}) = 0
58892 10:47:01 clock_gettime(CLOCK_BOOTTIME, {11983, 104485302}) = 0
58892 10:47:01 select(8, [4 5], [], NULL, NULL) = 1 (in [5])
58892 10:47:01 clock_gettime(CLOCK_BOOTTIME, {11983, 141005003}) = 0
58892 10:47:01 read(5, "f", 16384)      = 1
58892 10:47:01 clock_gettime(CLOCK_BOOTTIME, {11983, 141088583}) = 0
58892 10:47:01 clock_gettime(CLOCK_BOOTTIME, {11983, 141103794}) = 0
58892 10:47:01 select(8, [4 5], [4], NULL, NULL) = 1 (out [4])
58892 10:47:01 clock_gettime(CLOCK_BOOTTIME, {11983, 141149065}) = 0
58892 10:47:01 write(4, "}\207\277\305\33\354,\305\31\353\203\215\373\313Z\34G_\322\275?f$\306?\347\4.\251\204\375\263"..., 40) = 40
58892 10:47:01 clock_gettime(CLOCK_BOOTTIME, {11983, 141268105}) = 0
58892 10:47:01 clock_gettime(CLOCK_BOOTTIME, {11983, 141294209}) = 0
58892 10:47:01 select(8, [4 5], [], NULL, NULL) = 1 (in [4])
58892 10:47:01 clock_gettime(CLOCK_BOOTTIME, {11983, 143753731}) = 0
58892 10:47:01 read(4, "\35h\230\2228\260\206\217-\"\244\307\340)\223\240q\n\217\372\214/C\304w\306dN!\v\325N"..., 8192) = 40
58892 10:47:01 clock_gettime(CLOCK_BOOTTIME, {11983, 143792670}) = 0
58892 10:47:01 clock_gettime(CLOCK_BOOTTIME, {11983, 143805822}) = 0
58892 10:47:01 select(8, [4 5], [6], NULL, NULL) = 1 (out [6])
58892 10:47:01 clock_gettime(CLOCK_BOOTTIME, {11983, 143838704}) = 0
58892 10:47:01 write(6, "f", 1)         = 1
58892 10:47:01 clock_gettime(CLOCK_BOOTTIME, {11983, 143900414}) = 0
58892 10:47:01 clock_gettime(CLOCK_BOOTTIME, {11983, 143915383}) = 0
58892 10:47:01 select(8, [4 5], [], NULL, NULL) = 1 (in [5])
58892 10:47:01 clock_gettime(CLOCK_BOOTTIME, {11983, 246889864}) = 0
58892 10:47:01 read(5, "\r", 16384)     = 1
58892 10:47:01 clock_gettime(CLOCK_BOOTTIME, {11983, 246949028}) = 0
58892 10:47:01 clock_gettime(CLOCK_BOOTTIME, {11983, 246962652}) = 0
58892 10:47:01 select(8, [4 5], [4], NULL, NULL) = 1 (out [4])
58892 10:47:01 clock_gettime(CLOCK_BOOTTIME, {11983, 246995352}) = 0
58892 10:47:01 write(4, "\362\364\344\3=n=BH?m\177\215\355\324\261\322\316Z\362(D\33\233\247\326\272ZG\211\351l"..., 40) = 40
58892 10:47:01 clock_gettime(CLOCK_BOOTTIME, {11983, 247096369}) = 0
58892 10:47:01 clock_gettime(CLOCK_BOOTTIME, {11983, 247111597}) = 0
58892 10:47:01 select(8, [4 5], [], NULL, NULL) = 1 (in [4])
58892 10:47:01 clock_gettime(CLOCK_BOOTTIME, {11983, 249686309}) = 0
58892 10:47:01 read(4, "\3>\342\357\314\216W\267\16\216>\256\3225\202b\352\266\357\7$\260\16y,\364\333\364\241oQ\275"..., 8192) = 88
58892 10:47:01 clock_gettime(CLOCK_BOOTTIME, {11983, 249732086}) = 0
58892 10:47:01 clock_gettime(CLOCK_BOOTTIME, {11983, 249745253}) = 0
58892 10:47:01 select(8, [4 5], [6], NULL, NULL) = 1 (out [6])
58892 10:47:01 clock_gettime(CLOCK_BOOTTIME, {11983, 249778191}) = 0
58892 10:47:01 write(6, "\r\n-bash: sdfsdf: command not fou"..., 50) = 50
58892 10:47:01 clock_gettime(CLOCK_BOOTTIME, {11983, 249826454}) = 0
58892 10:47:01 clock_gettime(CLOCK_BOOTTIME, {11983, 249856616}) = 0
58892 10:47:01 select(8, [4 5], [], NULL, NULL) = 1 (in [5])
58892 10:47:02 clock_gettime(CLOCK_BOOTTIME, {11984, 317285252}) = 0
58892 10:47:02 read(5, "f", 16384)      = 1
58892 10:47:02 clock_gettime(CLOCK_BOOTTIME, {11984, 317349902}) = 0
58892 10:47:02 clock_gettime(CLOCK_BOOTTIME, {11984, 317368679}) = 0
58892 10:47:02 select(8, [4 5], [4], NULL, NULL) = 1 (out [4])
58892 10:47:02 clock_gettime(CLOCK_BOOTTIME, {11984, 317427166}) = 0
58892 10:47:02 write(4, "/\371\276\210\324*\360\35@r\3637a\324>S?\347\207\30?OD\33*\32EP\16\272Hi"..., 40) = 40
58892 10:47:02 clock_gettime(CLOCK_BOOTTIME, {11984, 317612535}) = 0
58892 10:47:02 clock_gettime(CLOCK_BOOTTIME, {11984, 317715601}) = 0
58892 10:47:02 select(8, [4 5], [], NULL, NULL) = 1 (in [4])
58892 10:47:02 clock_gettime(CLOCK_BOOTTIME, {11984, 320757555}) = 0
58892 10:47:02 read(4, "KOg\266\26\346\374\204\213\270\6\v\6\0226'\217\276\36\255t\2\364\373E\202\361L\216eZ;"..., 8192) = 40
58892 10:47:02 clock_gettime(CLOCK_BOOTTIME, {11984, 320818906}) = 0
58892 10:47:02 clock_gettime(CLOCK_BOOTTIME, {11984, 320837434}) = 0
58892 10:47:02 select(8, [4 5], [6], NULL, NULL) = 1 (out [6])
58892 10:47:02 clock_gettime(CLOCK_BOOTTIME, {11984, 320883734}) = 0
58892 10:47:02 write(6, "f", 1)         = 1
58892 10:47:02 clock_gettime(CLOCK_BOOTTIME, {11984, 320928769}) = 0
58892 10:47:02 clock_gettime(CLOCK_BOOTTIME, {11984, 320946527}) = 0
58892 10:47:02 select(8, [4 5], [], NULL, NULL) = 1 (in [5])
58892 10:47:03 clock_gettime(CLOCK_BOOTTIME, {11984, 912223577}) = 0
58892 10:47:03 read(5, "d", 16384)      = 1
58892 10:47:03 clock_gettime(CLOCK_BOOTTIME, {11984, 912299082}) = 0
58892 10:47:03 clock_gettime(CLOCK_BOOTTIME, {11984, 912317895}) = 0
58892 10:47:03 select(8, [4 5], [4], NULL, NULL) = 1 (out [4])
58892 10:47:03 clock_gettime(CLOCK_BOOTTIME, {11984, 912388641}) = 0
58892 10:47:03 write(4, "Z\204\232\357U(\362E\267\213/\5\306R$c\227\315\25x\232\16>\267\211JbhW\314\23\343"..., 40) = 40
58892 10:47:03 clock_gettime(CLOCK_BOOTTIME, {11984, 912527533}) = 0
58892 10:47:03 clock_gettime(CLOCK_BOOTTIME, {11984, 912549040}) = 0
58892 10:47:03 select(8, [4 5], [], NULL, NULL) = 1 (in [4])
58892 10:47:03 clock_gettime(CLOCK_BOOTTIME, {11984, 915509377}) = 0
58892 10:47:03 read(4, "\26\252x\10@4n\313m\374~\340\r\370\260\324\210\320\271\320i6z\277\36N\316\332~\323z\227"..., 8192) = 40
58892 10:47:03 clock_gettime(CLOCK_BOOTTIME, {11984, 915566443}) = 0
58892 10:47:03 clock_gettime(CLOCK_BOOTTIME, {11984, 915584920}) = 0
58892 10:47:03 select(8, [4 5], [6], NULL, NULL) = 1 (out [6])
58892 10:47:03 clock_gettime(CLOCK_BOOTTIME, {11984, 915630417}) = 0
58892 10:47:03 write(6, "d", 1)         = 1
58892 10:47:03 clock_gettime(CLOCK_BOOTTIME, {11984, 915824817}) = 0
58892 10:47:03 clock_gettime(CLOCK_BOOTTIME, {11984, 915846680}) = 0
58892 10:47:03 select(8, [4 5], [], NULL, NULL) = 1 (in [5])
58892 10:47:03 clock_gettime(CLOCK_BOOTTIME, {11985, 121969990}) = 0
58892 10:47:03 read(5, "\10", 16384)    = 1
58892 10:47:03 clock_gettime(CLOCK_BOOTTIME, {11985, 122019504}) = 0
58892 10:47:03 clock_gettime(CLOCK_BOOTTIME, {11985, 122033215}) = 0
58892 10:47:03 select(8, [4 5], [4], NULL, NULL) = 1 (out [4])
58892 10:47:03 clock_gettime(CLOCK_BOOTTIME, {11985, 122067548}) = 0
58892 10:47:03 write(4, "6\f\7\211\213U\3668\372c1\266\342\234\27\241\254\312D\271\357`x^\256\2336\25\267\342;\207"..., 40) = 40
58892 10:47:03 clock_gettime(CLOCK_BOOTTIME, {11985, 122203339}) = 0
58892 10:47:03 clock_gettime(CLOCK_BOOTTIME, {11985, 122218549}) = 0
58892 10:47:03 select(8, [4 5], [], NULL, NULL) = 1 (in [4])
58892 10:47:03 clock_gettime(CLOCK_BOOTTIME, {11985, 124994934}) = 0
58892 10:47:03 read(4, "\365\37~\274\347&3\361\303k\33\260\313W\276C\377\252\206\260\355O\211\375B\261q\255\0\266\353="..., 8192) = 40
58892 10:47:03 clock_gettime(CLOCK_BOOTTIME, {11985, 125064534}) = 0
58892 10:47:03 clock_gettime(CLOCK_BOOTTIME, {11985, 125077935}) = 0
58892 10:47:03 select(8, [4 5], [6], NULL, NULL) = 1 (out [6])
58892 10:47:03 clock_gettime(CLOCK_BOOTTIME, {11985, 125112743}) = 0
58892 10:47:03 write(6, "\10\33[K", 4)  = 4
58892 10:47:03 clock_gettime(CLOCK_BOOTTIME, {11985, 125310893}) = 0
58892 10:47:03 clock_gettime(CLOCK_BOOTTIME, {11985, 125326791}) = 0
58892 10:47:03 select(8, [4 5], [], NULL, NULL) = 1 (in [5])
58892 10:47:03 clock_gettime(CLOCK_BOOTTIME, {11985, 294344338}) = 0
58892 10:47:03 read(5, "\10", 16384)    = 1
58892 10:47:03 clock_gettime(CLOCK_BOOTTIME, {11985, 294393456}) = 0
58892 10:47:03 clock_gettime(CLOCK_BOOTTIME, {11985, 294418791}) = 0
58892 10:47:03 select(8, [4 5], [4], NULL, NULL) = 1 (out [4])
58892 10:47:03 clock_gettime(CLOCK_BOOTTIME, {11985, 294453505}) = 0
58892 10:47:03 write(4, "\261\344$\221\322\302jo\217C\275\302L\214!\334+\257\246\356,{\336\347\263\372\241\227\201q\232I"..., 40) = 40
58892 10:47:03 clock_gettime(CLOCK_BOOTTIME, {11985, 294561491}) = 0
58892 10:47:03 clock_gettime(CLOCK_BOOTTIME, {11985, 294577236}) = 0
58892 10:47:03 select(8, [4 5], [], NULL, NULL) = 1 (in [4])
58892 10:47:03 clock_gettime(CLOCK_BOOTTIME, {11985, 296946836}) = 0
58892 10:47:03 read(4, "\343l\34\327\372\245\344b\207e%_^\376\24X\364^Tc\32\341\24_]\324\2\332~\\\326\370"..., 8192) = 40
58892 10:47:03 clock_gettime(CLOCK_BOOTTIME, {11985, 297021221}) = 0
58892 10:47:03 clock_gettime(CLOCK_BOOTTIME, {11985, 297046148}) = 0
58892 10:47:03 select(8, [4 5], [6], NULL, NULL) = 1 (out [6])
58892 10:47:03 clock_gettime(CLOCK_BOOTTIME, {11985, 297079694}) = 0
58892 10:47:03 write(6, "\10\33[K", 4)  = 4
58892 10:47:03 clock_gettime(CLOCK_BOOTTIME, {11985, 297238162}) = 0
58892 10:47:03 clock_gettime(CLOCK_BOOTTIME, {11985, 297264839}) = 0
58892 10:47:03 select(8, [4 5], [], NULL, NULL) = 1 (in [5])
58892 10:47:03 clock_gettime(CLOCK_BOOTTIME, {11985, 358021612}) = 0
58892 10:47:03 read(5, "d", 16384)      = 1
58892 10:47:03 clock_gettime(CLOCK_BOOTTIME, {11985, 358070702}) = 0
58892 10:47:03 clock_gettime(CLOCK_BOOTTIME, {11985, 358084522}) = 0
58892 10:47:03 select(8, [4 5], [4], NULL, NULL) = 1 (out [4])
58892 10:47:03 clock_gettime(CLOCK_BOOTTIME, {11985, 358137117}) = 0
58892 10:47:03 write(4, "\202\20\206\335\30jp\270\32292\371\321~\224\36p\352\240\2\330F\23\215\261\343\31v9\332 \224"..., 40) = 40
58892 10:47:03 clock_gettime(CLOCK_BOOTTIME, {11985, 358247062}) = 0
58892 10:47:03 clock_gettime(CLOCK_BOOTTIME, {11985, 358262584}) = 0
58892 10:47:03 select(8, [4 5], [], NULL, NULL) = 1 (in [4])
58892 10:47:03 clock_gettime(CLOCK_BOOTTIME, {11985, 360875163}) = 0
58892 10:47:03 read(4, "2\207\344\302R2\6\347\270F\341C|@\34\250_\\K\272\250\215\272k\303\36\237\223^E\36\37"..., 8192) = 40
58892 10:47:03 clock_gettime(CLOCK_BOOTTIME, {11985, 360913896}) = 0
58892 10:47:03 clock_gettime(CLOCK_BOOTTIME, {11985, 360926878}) = 0
58892 10:47:03 select(8, [4 5], [6], NULL, NULL) = 1 (out [6])
58892 10:47:03 clock_gettime(CLOCK_BOOTTIME, {11985, 360959601}) = 0
58892 10:47:03 write(6, "d", 1)         = 1
58892 10:47:03 clock_gettime(CLOCK_BOOTTIME, {11985, 361139527}) = 0
58892 10:47:03 clock_gettime(CLOCK_BOOTTIME, {11985, 361170608}) = 0
58892 10:47:03 select(8, [4 5], [], NULL, NULL) = 1 (in [5])
58892 10:47:03 clock_gettime(CLOCK_BOOTTIME, {11985, 424844481}) = 0
58892 10:47:03 read(5, "f", 16384)      = 1
58892 10:47:03 clock_gettime(CLOCK_BOOTTIME, {11985, 424894144}) = 0
58892 10:47:03 clock_gettime(CLOCK_BOOTTIME, {11985, 424907951}) = 0
58892 10:47:03 select(8, [4 5], [4], NULL, NULL) = 1 (out [4])
58892 10:47:03 clock_gettime(CLOCK_BOOTTIME, {11985, 424942235}) = 0
58892 10:47:03 write(4, "\235X\4\355#\7\342\331b\276\342\261\313\300f6\323xi\255cm\305\274\360\367e6\312\214L7"..., 40) = 40
58892 10:47:03 clock_gettime(CLOCK_BOOTTIME, {11985, 425051576}) = 0
58892 10:47:03 clock_gettime(CLOCK_BOOTTIME, {11985, 425066577}) = 0
58892 10:47:03 select(8, [4 5], [], NULL, NULL) = 1 (in [4])
58892 10:47:03 clock_gettime(CLOCK_BOOTTIME, {11985, 427990002}) = 0
58892 10:47:03 read(4, "\257\351a\243\24\227\357>+]\253\316\367\32\241l_3\220\nA\337h+\n\264\10\21\220\342\310@"..., 8192) = 40
58892 10:47:03 clock_gettime(CLOCK_BOOTTIME, {11985, 428031462}) = 0
58892 10:47:03 clock_gettime(CLOCK_BOOTTIME, {11985, 428044758}) = 0
58892 10:47:03 select(8, [4 5], [6], NULL, NULL) = 1 (out [6])
58892 10:47:03 clock_gettime(CLOCK_BOOTTIME, {11985, 428077846}) = 0
58892 10:47:03 write(6, "f", 1)         = 1
58892 10:47:03 clock_gettime(CLOCK_BOOTTIME, {11985, 428258610}) = 0
58892 10:47:03 clock_gettime(CLOCK_BOOTTIME, {11985, 428274291}) = 0
58892 10:47:03 select(8, [4 5], [], NULL, NULL) = 1 (in [5])
58892 10:47:03 clock_gettime(CLOCK_BOOTTIME, {11985, 511917564}) = 0
58892 10:47:03 read(5, "\r", 16384)     = 1
58892 10:47:03 clock_gettime(CLOCK_BOOTTIME, {11985, 512124353}) = 0
58892 10:47:03 clock_gettime(CLOCK_BOOTTIME, {11985, 512223980}) = 0
58892 10:47:03 select(8, [4 5], [4], NULL, NULL) = 1 (out [4])
58892 10:47:03 clock_gettime(CLOCK_BOOTTIME, {11985, 512319999}) = 0
58892 10:47:03 write(4, "\23P\21\242\222\250`\276\213<\227\273\33y\370\302\340\35[\313\376\275\2674\20\331L& \324\261\277"..., 40) = 40
58892 10:47:03 clock_gettime(CLOCK_BOOTTIME, {11985, 512636677}) = 0
58892 10:47:03 clock_gettime(CLOCK_BOOTTIME, {11985, 512677485}) = 0
58892 10:47:03 select(8, [4 5], [], NULL, NULL) = 1 (in [4])
58892 10:47:03 clock_gettime(CLOCK_BOOTTIME, {11985, 514782366}) = 0
58892 10:47:03 read(4, "E\vr%\201\20N\232\206\305\376\311\253fn\206\325\7\35vc5\366>\5:\206\333\3|\214\351"..., 8192) = 40
58892 10:47:03 clock_gettime(CLOCK_BOOTTIME, {11985, 514876828}) = 0
58892 10:47:03 clock_gettime(CLOCK_BOOTTIME, {11985, 514911137}) = 0
58892 10:47:03 select(8, [4 5], [6], NULL, NULL) = 1 (out [6])
58892 10:47:03 clock_gettime(CLOCK_BOOTTIME, {11985, 515119717}) = 0
58892 10:47:03 write(6, "\r\n", 2)      = 2
58892 10:47:03 clock_gettime(CLOCK_BOOTTIME, {11985, 515468422}) = 0
58892 10:47:03 clock_gettime(CLOCK_BOOTTIME, {11985, 515510534}) = 0
58892 10:47:03 select(8, [4 5], [], NULL, NULL) = 1 (in [4])
58892 10:47:03 clock_gettime(CLOCK_BOOTTIME, {11985, 520950704}) = 0
58892 10:47:03 read(4, "\361\377\265\233<\0\325\343\370\212\355U.\360\371\273l\242\360@\3726\301\3*\\eG\244={@"..., 8192) = 264
58892 10:47:03 clock_gettime(CLOCK_BOOTTIME, {11985, 521346493}) = 0
58892 10:47:03 clock_gettime(CLOCK_BOOTTIME, {11985, 521423123}) = 0
58892 10:47:03 select(8, [4 5], [6], NULL, NULL) = 1 (out [6])
58892 10:47:03 clock_gettime(CLOCK_BOOTTIME, {11985, 521519666}) = 0
58892 10:47:03 write(6, "Filesystem     1K-blocks    Used"..., 238) = 238
58892 10:47:03 clock_gettime(CLOCK_BOOTTIME, {11985, 522032648}) = 0
58892 10:47:03 clock_gettime(CLOCK_BOOTTIME, {11985, 522074901}) = 0
58892 10:47:03 select(8, [4 5], [], NULL, NULL) = 1 (in [5])
58892 10:47:04 clock_gettime(CLOCK_BOOTTIME, {11985, 964273665}) = 0
58892 10:47:04 read(5, "e", 16384)      = 1
58892 10:47:04 clock_gettime(CLOCK_BOOTTIME, {11985, 964433667}) = 0
58892 10:47:04 clock_gettime(CLOCK_BOOTTIME, {11985, 964452581}) = 0
58892 10:47:04 select(8, [4 5], [4], NULL, NULL) = 1 (out [4])
58892 10:47:04 clock_gettime(CLOCK_BOOTTIME, {11985, 964501508}) = 0
58892 10:47:04 write(4, "\32FsN\370\276\34\3558\317\7)\204\252\271\363F\25D\326^RIF\214,!\3605\342\23\311"..., 40) = 40
58892 10:47:04 clock_gettime(CLOCK_BOOTTIME, {11985, 964891251}) = 0
58892 10:47:04 clock_gettime(CLOCK_BOOTTIME, {11985, 964907054}) = 0
58892 10:47:04 select(8, [4 5], [], NULL, NULL) = 1 (in [4])
58892 10:47:04 clock_gettime(CLOCK_BOOTTIME, {11985, 968444734}) = 0
58892 10:47:04 read(4, "\265T5~?&6T\304%\376\365B\26\356\236\305z\310S\255\300\2032\224\367&\347\332\370g\207"..., 8192) = 40
58892 10:47:04 clock_gettime(CLOCK_BOOTTIME, {11985, 968504775}) = 0
58892 10:47:04 clock_gettime(CLOCK_BOOTTIME, {11985, 968518307}) = 0
58892 10:47:04 select(8, [4 5], [6], NULL, NULL) = 1 (out [6])
58892 10:47:04 clock_gettime(CLOCK_BOOTTIME, {11985, 968551877}) = 0
58892 10:47:04 write(6, "e", 1)         = 1
58892 10:47:04 clock_gettime(CLOCK_BOOTTIME, {11985, 968751076}) = 0
58892 10:47:04 clock_gettime(CLOCK_BOOTTIME, {11985, 968766924}) = 0
58892 10:47:04 select(8, [4 5], [], NULL, NULL) = 1 (in [5])
58892 10:47:04 clock_gettime(CLOCK_BOOTTIME, {11986, 142872482}) = 0
58892 10:47:04 read(5, "x", 16384)      = 1
58892 10:47:04 clock_gettime(CLOCK_BOOTTIME, {11986, 142919884}) = 0
58892 10:47:04 clock_gettime(CLOCK_BOOTTIME, {11986, 142933377}) = 0
58892 10:47:04 select(8, [4 5], [4], NULL, NULL) = 1 (out [4])
58892 10:47:04 clock_gettime(CLOCK_BOOTTIME, {11986, 142966676}) = 0
58892 10:47:04 write(4, "\222\276\270*=Ol\25\273\205\24]8\2007\244\f\336\315MZ\230\360*\203j\232x\303\230)0"..., 40) = 40
58892 10:47:04 clock_gettime(CLOCK_BOOTTIME, {11986, 143087939}) = 0
58892 10:47:04 clock_gettime(CLOCK_BOOTTIME, {11986, 143105079}) = 0
58892 10:47:04 select(8, [4 5], [], NULL, NULL) = 1 (in [4])
58892 10:47:04 clock_gettime(CLOCK_BOOTTIME, {11986, 146333302}) = 0
58892 10:47:04 read(4, "/ h*\370\217\264\312\260\22\t\371\313 \30h|[=6\263\335\304\225\24a\314\364\210\270\226\36"..., 8192) = 40
58892 10:47:04 clock_gettime(CLOCK_BOOTTIME, {11986, 146382264}) = 0
58892 10:47:04 clock_gettime(CLOCK_BOOTTIME, {11986, 146395465}) = 0
58892 10:47:04 select(8, [4 5], [6], NULL, NULL) = 1 (out [6])
58892 10:47:04 clock_gettime(CLOCK_BOOTTIME, {11986, 146428762}) = 0
58892 10:47:04 write(6, "x", 1)         = 1
58892 10:47:04 clock_gettime(CLOCK_BOOTTIME, {11986, 146614449}) = 0
58892 10:47:04 clock_gettime(CLOCK_BOOTTIME, {11986, 146641042}) = 0
58892 10:47:04 select(8, [4 5], [], NULL, NULL) = 1 (in [5])
58892 10:47:04 clock_gettime(CLOCK_BOOTTIME, {11986, 258246501}) = 0
58892 10:47:04 read(5, "i", 16384)      = 1
58892 10:47:04 clock_gettime(CLOCK_BOOTTIME, {11986, 258338719}) = 0
58892 10:47:04 clock_gettime(CLOCK_BOOTTIME, {11986, 258367539}) = 0
58892 10:47:04 select(8, [4 5], [4], NULL, NULL) = 1 (out [4])
58892 10:47:04 clock_gettime(CLOCK_BOOTTIME, {11986, 258411424}) = 0
58892 10:47:04 write(4, "\te\266\214\277\350\203\262\210\21\377\324`h\254:M\25DW\313\n\325q\270\245w\342\265\260\362h"..., 40) = 40
58892 10:47:04 clock_gettime(CLOCK_BOOTTIME, {11986, 258626953}) = 0
58892 10:47:04 clock_gettime(CLOCK_BOOTTIME, {11986, 258642162}) = 0
58892 10:47:04 select(8, [4 5], [], NULL, NULL) = 1 (in [4])
58892 10:47:04 clock_gettime(CLOCK_BOOTTIME, {11986, 261666515}) = 0
58892 10:47:04 read(4, "\355@v\310\233\237\220\301a\264\4\f\317\351\237\313;\317u\216t\276\360\33215d\223%\316\34."..., 8192) = 40
58892 10:47:04 clock_gettime(CLOCK_BOOTTIME, {11986, 261715764}) = 0
58892 10:47:04 clock_gettime(CLOCK_BOOTTIME, {11986, 261729335}) = 0
58892 10:47:04 select(8, [4 5], [6], NULL, NULL) = 1 (out [6])
58892 10:47:04 clock_gettime(CLOCK_BOOTTIME, {11986, 261762190}) = 0
58892 10:47:04 write(6, "i", 1)         = 1
58892 10:47:04 clock_gettime(CLOCK_BOOTTIME, {11986, 261903219}) = 0
58892 10:47:04 clock_gettime(CLOCK_BOOTTIME, {11986, 261919089}) = 0
58892 10:47:04 select(8, [4 5], [], NULL, NULL) = 1 (in [5])
58892 10:47:04 clock_gettime(CLOCK_BOOTTIME, {11986, 361053414}) = 0
58892 10:47:04 read(5, "t", 16384)      = 1
58892 10:47:04 clock_gettime(CLOCK_BOOTTIME, {11986, 361192627}) = 0
58892 10:47:04 clock_gettime(CLOCK_BOOTTIME, {11986, 361303431}) = 0
58892 10:47:04 select(8, [4 5], [4], NULL, NULL) = 1 (out [4])
58892 10:47:04 clock_gettime(CLOCK_BOOTTIME, {11986, 361434575}) = 0
58892 10:47:04 write(4, "5#\206\266S\301\213Sb\"\214\37\240\364\322\271MC<\220c\312\306kq4\351\23l\302\21\26"..., 40) = 40
58892 10:47:04 clock_gettime(CLOCK_BOOTTIME, {11986, 361661878}) = 0
58892 10:47:04 clock_gettime(CLOCK_BOOTTIME, {11986, 361699907}) = 0
58892 10:47:04 select(8, [4 5], [], NULL, NULL) = 1 (in [4])
58892 10:47:04 clock_gettime(CLOCK_BOOTTIME, {11986, 364820207}) = 0
58892 10:47:04 read(4, "*\333n\245E&\203\\\331d\6}c\6G\221O\303\351\305\3055\320\30U\1775\27Y\21\312V"..., 8192) = 40
58892 10:47:04 clock_gettime(CLOCK_BOOTTIME, {11986, 365220060}) = 0
58892 10:47:04 clock_gettime(CLOCK_BOOTTIME, {11986, 365257662}) = 0
58892 10:47:04 select(8, [4 5], [6], NULL, NULL) = 1 (out [6])
58892 10:47:04 clock_gettime(CLOCK_BOOTTIME, {11986, 365344466}) = 0
58892 10:47:04 write(6, "t", 1)         = 1
58892 10:47:04 clock_gettime(CLOCK_BOOTTIME, {11986, 365680208}) = 0
58892 10:47:04 clock_gettime(CLOCK_BOOTTIME, {11986, 365718874}) = 0
58892 10:47:04 select(8, [4 5], [], NULL, NULL) = 1 (in [5])
58892 10:47:07 clock_gettime(CLOCK_BOOTTIME, {11989, 113850363}) = 0
58892 10:47:07 read(5, "\r", 16384)     = 1
58892 10:47:07 clock_gettime(CLOCK_BOOTTIME, {11989, 113933811}) = 0
58892 10:47:07 clock_gettime(CLOCK_BOOTTIME, {11989, 113955432}) = 0
58892 10:47:07 select(8, [4 5], [4], NULL, NULL) = 1 (out [4])
58892 10:47:07 clock_gettime(CLOCK_BOOTTIME, {11989, 114006960}) = 0
58892 10:47:07 write(4, "W3\36f\340\263\1\16\332a\f\317\200\37 \335!\363;\243B\311\265\313#\3376W:\205\325L"..., 40) = 40
58892 10:47:07 clock_gettime(CLOCK_BOOTTIME, {11989, 114171760}) = 0
58892 10:47:07 clock_gettime(CLOCK_BOOTTIME, {11989, 114195483}) = 0
58892 10:47:07 select(8, [4 5], [], NULL, NULL) = 1 (in [4])
58892 10:47:07 clock_gettime(CLOCK_BOOTTIME, {11989, 118214211}) = 0
58892 10:47:07 read(4, "`\235\342\346\2564\33\275\302\274\325\0224\304\316=\240%\24\7B\263s\223\352\260\364\25\255{J\36"..., 8192) = 200
58892 10:47:07 close(5)                 = 0
58892 10:47:07 clock_gettime(CLOCK_BOOTTIME, {11989, 118325986}) = 0
58892 10:47:07 clock_gettime(CLOCK_BOOTTIME, {11989, 118347197}) = 0
58892 10:47:07 select(8, [4], [6], NULL, NULL) = 1 (out [6])
58892 10:47:07 clock_gettime(CLOCK_BOOTTIME, {11989, 118428841}) = 0
58892 10:47:07 write(6, "\r\nlogout\r\n", 10) = 10
58892 10:47:07 clock_gettime(CLOCK_BOOTTIME, {11989, 118811716}) = 0
58892 10:47:07 clock_gettime(CLOCK_BOOTTIME, {11989, 118840289}) = 0
58892 10:47:07 close(6)                 = 0
58892 10:47:07 ioctl(0, TCGETS, {B38400 -opost -isig -icanon -echo ...}) = 0
58892 10:47:07 ioctl(0, SNDCTL_TMR_STOP or TCSETSW, {B38400 opost isig icanon echo ...}) = 0
58892 10:47:07 ioctl(0, TCGETS, {B38400 opost isig icanon echo ...}) = 0
58892 10:47:07 close(7)                 = 0
58892 10:47:07 select(8, [4], [4], NULL, NULL) = 1 (out [4])
58892 10:47:07 clock_gettime(CLOCK_BOOTTIME, {11989, 119067857}) = 0
58892 10:47:07 write(4, "{\347\10\343\322\7P\305\343j\311\342\355\326\5d}\217\16\342\331\214l\224", 24) = 24
58892 10:47:07 rt_sigaction(SIGWINCH, NULL, {0x560d5383ec00, [], SA_RESTORER, 0x7fdf6f0c44b0}, 8) = 0
58892 10:47:07 rt_sigaction(SIGWINCH, {SIG_DFL, [], SA_RESTORER, 0x7fdf6f0c44b0}, NULL, 8) = 0
58892 10:47:07 write(4, ":\245d[\203,\24}\361\253$\376\352{\204\363\334\302\255\327\330\10\215\216\323\316\t\314w6\370\323"..., 56) = 56
58892 10:47:07 ioctl(0, TCGETS, {B38400 opost isig icanon echo ...}) = 0
58892 10:47:07 ioctl(1, TCGETS, {B38400 opost isig icanon echo ...}) = 0
58892 10:47:07 ioctl(2, TCGETS, {B38400 opost isig icanon echo ...}) = 0
58892 10:47:07 write(2, "Connection to 192.168.14.29 clos"..., 37) = 37
58892 10:47:07 shutdown(4, SHUT_RDWR)   = 0
58892 10:47:07 close(4)                 = 0
58892 10:47:07 exit_group(0)            = ?
58892 10:47:07 +++ exited with 0 +++
