56681 10:10:39 select(8, [4 5], [], NULL, NULL) = 1 (in [5])
56681 10:10:39 clock_gettime(CLOCK_BOOTTIME, {9860, 522656355}) = 0
56681 10:10:39 read(5, "\r", 16384)     = 1
56681 10:10:39 clock_gettime(CLOCK_BOOTTIME, {9860, 523057851}) = 0
56681 10:10:39 clock_gettime(CLOCK_BOOTTIME, {9860, 523219331}) = 0
56681 10:10:39 select(8, [4 5], [4], NULL, NULL) = 1 (out [4])
56681 10:10:39 clock_gettime(CLOCK_BOOTTIME, {9860, 523690151}) = 0
56681 10:10:39 write(4, "\321\\\317\21\270jtm\336\347\306\301\2149/\337<\245s\242\26\373\247\366\200\20j\30\21\244T\253"..., 40) = 40
56681 10:10:39 clock_gettime(CLOCK_BOOTTIME, {9860, 524274474}) = 0
56681 10:10:39 clock_gettime(CLOCK_BOOTTIME, {9860, 524435477}) = 0
56681 10:10:39 select(8, [4 5], [], NULL, NULL) = 1 (in [4])
56681 10:10:39 clock_gettime(CLOCK_BOOTTIME, {9860, 529120074}) = 0
56681 10:10:39 read(4, "\261\243Bx\352\353U\214\267\213?\321\236\256\300-!\32\232\242r\323\24\267w\177\35\363\250K?\10"..., 8192) = 40
56681 10:10:39 clock_gettime(CLOCK_BOOTTIME, {9860, 529493789}) = 0
56681 10:10:39 clock_gettime(CLOCK_BOOTTIME, {9860, 529683843}) = 0
56681 10:10:39 select(8, [4 5], [6], NULL, NULL) = 1 (out [6])
56681 10:10:39 clock_gettime(CLOCK_BOOTTIME, {9860, 530019660}) = 0
56681 10:10:39 write(6, "\r\n", 2)      = 2
56681 10:10:39 clock_gettime(CLOCK_BOOTTIME, {9860, 530549354}) = 0
56681 10:10:39 clock_gettime(CLOCK_BOOTTIME, {9860, 531109144}) = 0
56681 10:10:39 select(8, [4 5], [], NULL, NULL) = 1 (in [4])
56681 10:10:39 clock_gettime(CLOCK_BOOTTIME, {9860, 533110415}) = 0
56681 10:10:39 read(4, "\344\265\230\3149\324]\212\235Jns\3726\235\2\217\n\316\227#\235\255m\210\0244.HE\0\273"..., 8192) = 40
56681 10:10:39 clock_gettime(CLOCK_BOOTTIME, {9860, 533859898}) = 0
56681 10:10:39 clock_gettime(CLOCK_BOOTTIME, {9860, 534463538}) = 0
56681 10:10:39 select(8, [4 5], [6], NULL, NULL) = 1 (out [6])
56681 10:10:39 clock_gettime(CLOCK_BOOTTIME, {9860, 535646941}) = 0
56681 10:10:39 write(6, "[root@fan ~]# ", 14) = 14
56681 10:10:39 clock_gettime(CLOCK_BOOTTIME, {9860, 536555605}) = 0
56681 10:10:39 clock_gettime(CLOCK_BOOTTIME, {9860, 536728111}) = 0
56681 10:10:39 select(8, [4 5], [], NULL, NULL) = 1 (in [5])
56681 10:10:39 clock_gettime(CLOCK_BOOTTIME, {9860, 699207008}) = 0
56681 10:10:39 read(5, "\r", 16384)     = 1
56681 10:10:39 clock_gettime(CLOCK_BOOTTIME, {9860, 699849940}) = 0
56681 10:10:39 clock_gettime(CLOCK_BOOTTIME, {9860, 700017540}) = 0
56681 10:10:39 select(8, [4 5], [4], NULL, NULL) = 1 (out [4])
56681 10:10:39 clock_gettime(CLOCK_BOOTTIME, {9860, 700302181}) = 0
56681 10:10:39 write(4, "\246\334j\230\2172\313\244=z.sm\213>\353\233\371\357\n(\10*z4\251[6n\230\346\336"..., 40) = 40
56681 10:10:39 clock_gettime(CLOCK_BOOTTIME, {9860, 700570350}) = 0
56681 10:10:39 clock_gettime(CLOCK_BOOTTIME, {9860, 700639658}) = 0
56681 10:10:39 select(8, [4 5], [], NULL, NULL) = 1 (in [4])
56681 10:10:39 clock_gettime(CLOCK_BOOTTIME, {9860, 703231019}) = 0
56681 10:10:39 read(4, "\350\2\216\216\273Iu6tX\203%B\232\361\323C\311\325\30\334\275\371<\235|4:5\362+ "..., 8192) = 56
56681 10:10:39 clock_gettime(CLOCK_BOOTTIME, {9860, 703411676}) = 0
56681 10:10:39 clock_gettime(CLOCK_BOOTTIME, {9860, 703484889}) = 0
56681 10:10:39 select(8, [4 5], [6], NULL, NULL) = 1 (out [6])
56681 10:10:39 clock_gettime(CLOCK_BOOTTIME, {9860, 703670170}) = 0
56681 10:10:39 write(6, "\r\n[root@fan ~]# ", 16) = 16
56681 10:10:39 clock_gettime(CLOCK_BOOTTIME, {9860, 704011886}) = 0
56681 10:10:39 clock_gettime(CLOCK_BOOTTIME, {9860, 704105753}) = 0
56681 10:10:39 select(8, [4 5], [], NULL, NULL) = 1 (in [5])
56681 10:10:42 clock_gettime(CLOCK_BOOTTIME, {9860, 965802163}) = 0
56681 10:10:42 read(5, "l", 16384)      = 1
56681 10:10:42 clock_gettime(CLOCK_BOOTTIME, {9860, 966061421}) = 0
56681 10:10:42 clock_gettime(CLOCK_BOOTTIME, {9860, 966179138}) = 0
56681 10:10:42 select(8, [4 5], [4], NULL, NULL) = 1 (out [4])
56681 10:10:42 clock_gettime(CLOCK_BOOTTIME, {9860, 966422055}) = 0
56681 10:10:42 write(4, "\207\25\235|\fP\236\nV-\244\365\0215\275\306\322i\3329'\277u\237,Au\3132+\346f"..., 40) = 40
56681 10:10:42 clock_gettime(CLOCK_BOOTTIME, {9860, 966758531}) = 0
56681 10:10:42 clock_gettime(CLOCK_BOOTTIME, {9860, 966834920}) = 0
56681 10:10:42 select(8, [4 5], [], NULL, NULL) = 1 (in [4])
56681 10:10:42 clock_gettime(CLOCK_BOOTTIME, {9860, 969189426}) = 0
56681 10:10:42 read(4, "\253\321w\337\10\271\vy((\1\260a;\342\252\350\24\341\371Tg\222h\333\242#\246\1771G\226"..., 8192) = 40
56681 10:10:42 clock_gettime(CLOCK_BOOTTIME, {9860, 969437388}) = 0
56681 10:10:42 clock_gettime(CLOCK_BOOTTIME, {9860, 969520890}) = 0
56681 10:10:42 select(8, [4 5], [6], NULL, NULL) = 1 (out [6])
56681 10:10:42 clock_gettime(CLOCK_BOOTTIME, {9860, 969962909}) = 0
56681 10:10:42 write(6, "l", 1)         = 1
56681 10:10:42 clock_gettime(CLOCK_BOOTTIME, {9860, 970387541}) = 0
56681 10:10:42 clock_gettime(CLOCK_BOOTTIME, {9860, 970649046}) = 0
56681 10:10:42 select(8, [4 5], [], NULL, NULL) = 1 (in [5])
56681 10:10:42 clock_gettime(CLOCK_BOOTTIME, {9861, 59630418}) = 0
56681 10:10:42 read(5, "s", 16384)      = 1
56681 10:10:42 clock_gettime(CLOCK_BOOTTIME, {9861, 59924544}) = 0
56681 10:10:42 clock_gettime(CLOCK_BOOTTIME, {9861, 60011862}) = 0
56681 10:10:42 select(8, [4 5], [4], NULL, NULL) = 1 (out [4])
56681 10:10:42 clock_gettime(CLOCK_BOOTTIME, {9861, 60295342}) = 0
56681 10:10:42 write(4, "\32+\344\210\214\214\322\360\30\335\323.\31\302\r\203\177\216\257\212\365\267\242rl\342\327\"\30G\373\324"..., 40) = 40
56681 10:10:42 clock_gettime(CLOCK_BOOTTIME, {9861, 60587133}) = 0
56681 10:10:42 clock_gettime(CLOCK_BOOTTIME, {9861, 60658556}) = 0
56681 10:10:42 select(8, [4 5], [], NULL, NULL) = 1 (in [4])
56681 10:10:42 clock_gettime(CLOCK_BOOTTIME, {9861, 63683995}) = 0
56681 10:10:42 read(4, "\255k\325\364Wm\352\377\212\363\356\202\3\215\276\245\267+\360\325\fGO\203\360E\357\32m9u\v"..., 8192) = 40
56681 10:10:42 clock_gettime(CLOCK_BOOTTIME, {9861, 63917814}) = 0
56681 10:10:42 clock_gettime(CLOCK_BOOTTIME, {9861, 64049806}) = 0
56681 10:10:42 select(8, [4 5], [6], NULL, NULL) = 1 (out [6])
56681 10:10:42 clock_gettime(CLOCK_BOOTTIME, {9861, 64259031}) = 0
56681 10:10:42 write(6, "s", 1)         = 1
56681 10:10:42 clock_gettime(CLOCK_BOOTTIME, {9861, 64674285}) = 0
56681 10:10:42 clock_gettime(CLOCK_BOOTTIME, {9861, 64849530}) = 0
56681 10:10:42 select(8, [4 5], [], NULL, NULL) = 1 (in [5])
56681 10:10:42 clock_gettime(CLOCK_BOOTTIME, {9861, 186672631}) = 0
56681 10:10:42 read(5, "\r", 16384)     = 1
56681 10:10:42 clock_gettime(CLOCK_BOOTTIME, {9861, 187171042}) = 0
56681 10:10:42 clock_gettime(CLOCK_BOOTTIME, {9861, 187383814}) = 0
56681 10:10:42 select(8, [4 5], [4], NULL, NULL) = 1 (out [4])
56681 10:10:42 clock_gettime(CLOCK_BOOTTIME, {9861, 187876295}) = 0
56681 10:10:42 write(4, "d\2708\302\305\255\320\247{%\374\205{\311\367\333\10\266`\251d\220d\331\377{)\33\201\235\37\316"..., 40) = 40
56681 10:10:42 clock_gettime(CLOCK_BOOTTIME, {9861, 188514300}) = 0
56681 10:10:42 clock_gettime(CLOCK_BOOTTIME, {9861, 188709248}) = 0
56681 10:10:42 select(8, [4 5], [], NULL, NULL) = 1 (in [4])
56681 10:10:42 clock_gettime(CLOCK_BOOTTIME, {9861, 192185724}) = 0
56681 10:10:42 read(4, "\262\326\26.\310\323s\306\17\244\23\277\277\177+\243&\271\204\\\327X[2O\25\255\325b\362\3K"..., 8192) = 40
56681 10:10:42 clock_gettime(CLOCK_BOOTTIME, {9861, 192474969}) = 0
56681 10:10:42 clock_gettime(CLOCK_BOOTTIME, {9861, 192670657}) = 0
56681 10:10:42 select(8, [4 5], [6], NULL, NULL) = 2 (in [4], out [6])
56681 10:10:42 clock_gettime(CLOCK_BOOTTIME, {9861, 192893085}) = 0
56681 10:10:42 write(6, "\r\n", 2)      = 2
56681 10:10:42 read(4, "u\201\237u\210\317\17\353MK*;\235\211<\263y\213\f?\377\10\314d\356\3778O\367\272\233\16"..., 8192) = 168
56681 10:10:42 clock_gettime(CLOCK_BOOTTIME, {9861, 193645892}) = 0
56681 10:10:42 clock_gettime(CLOCK_BOOTTIME, {9861, 194965330}) = 0
56681 10:10:42 select(8, [4 5], [6], NULL, NULL) = 1 (out [6])
56681 10:10:42 clock_gettime(CLOCK_BOOTTIME, {9861, 195231862}) = 0
56681 10:10:42 write(6, "anaconda-ks.cfg  install.log  in"..., 137) = 137
56681 10:10:42 clock_gettime(CLOCK_BOOTTIME, {9861, 205483785}) = 0
56681 10:10:42 clock_gettime(CLOCK_BOOTTIME, {9861, 206758145}) = 0
56681 10:10:42 select(8, [4 5], [], NULL, NULL) = 1 (in [5])
56681 10:10:43 clock_gettime(CLOCK_BOOTTIME, {9861, 972277754}) = 0
56681 10:10:43 read(5, "d", 16384)      = 1
56681 10:10:43 clock_gettime(CLOCK_BOOTTIME, {9861, 972593303}) = 0
56681 10:10:43 clock_gettime(CLOCK_BOOTTIME, {9861, 972757625}) = 0
56681 10:10:43 select(8, [4 5], [4], NULL, NULL) = 1 (out [4])
56681 10:10:43 clock_gettime(CLOCK_BOOTTIME, {9861, 973057815}) = 0
56681 10:10:43 write(4, "\310\237\2\367\\\335U\222MxR.W\16\364\200fX\347o\235\244'\361\331\307\200\304y\216(>"..., 40) = 40
56681 10:10:43 clock_gettime(CLOCK_BOOTTIME, {9861, 974364004}) = 0
56681 10:10:43 clock_gettime(CLOCK_BOOTTIME, {9861, 974519696}) = 0
56681 10:10:43 select(8, [4 5], [], NULL, NULL) = 1 (in [4])
56681 10:10:43 clock_gettime(CLOCK_BOOTTIME, {9861, 977596848}) = 0
56681 10:10:43 read(4, "8\27\35A\351\254$\234\300}\351\341\362\373\231&\317\"\f\211\276\266u\275\331\17\210/\274\233\33+"..., 8192) = 40
56681 10:10:43 clock_gettime(CLOCK_BOOTTIME, {9861, 977917653}) = 0
56681 10:10:43 clock_gettime(CLOCK_BOOTTIME, {9861, 978087230}) = 0
56681 10:10:43 select(8, [4 5], [6], NULL, NULL) = 1 (out [6])
56681 10:10:43 clock_gettime(CLOCK_BOOTTIME, {9861, 978400305}) = 0
56681 10:10:43 write(6, "d", 1)         = 1
56681 10:10:43 clock_gettime(CLOCK_BOOTTIME, {9861, 979291835}) = 0
56681 10:10:43 clock_gettime(CLOCK_BOOTTIME, {9861, 980438704}) = 0
56681 10:10:43 select(8, [4 5], [], NULL, NULL) = 1 (in [5])
56681 10:10:43 clock_gettime(CLOCK_BOOTTIME, {9862, 49742719}) = 0
56681 10:10:43 read(5, "f", 16384)      = 1
56681 10:10:43 clock_gettime(CLOCK_BOOTTIME, {9862, 50103394}) = 0
56681 10:10:43 clock_gettime(CLOCK_BOOTTIME, {9862, 50265749}) = 0
56681 10:10:43 select(8, [4 5], [4], NULL, NULL) = 1 (out [4])
56681 10:10:43 clock_gettime(CLOCK_BOOTTIME, {9862, 50441552}) = 0
56681 10:10:43 write(4, "\347\265\21\2B\372\222Q\347)6^\323\24\304\6\266\311 \201\227\33w:\342\235O\2\n\4\3276"..., 40) = 40
56681 10:10:43 clock_gettime(CLOCK_BOOTTIME, {9862, 50797130}) = 0
56681 10:10:43 clock_gettime(CLOCK_BOOTTIME, {9862, 50979296}) = 0
56681 10:10:43 select(8, [4 5], [], NULL, NULL) = 1 (in [4])
56681 10:10:43 clock_gettime(CLOCK_BOOTTIME, {9862, 53127256}) = 0
56681 10:10:43 read(4, "a~\277n]\360\271*\243\212\25\267\230\203\2~r%+\276\362\0\304\375\320\25\306\271\323v\2\26"..., 8192) = 40
56681 10:10:43 clock_gettime(CLOCK_BOOTTIME, {9862, 53354617}) = 0
56681 10:10:43 clock_gettime(CLOCK_BOOTTIME, {9862, 53461455}) = 0
56681 10:10:43 select(8, [4 5], [6], NULL, NULL) = 1 (out [6])
56681 10:10:43 clock_gettime(CLOCK_BOOTTIME, {9862, 53655354}) = 0
56681 10:10:43 write(6, "f", 1)         = 1
56681 10:10:43 clock_gettime(CLOCK_BOOTTIME, {9862, 54052054}) = 0
56681 10:10:43 clock_gettime(CLOCK_BOOTTIME, {9862, 54140460}) = 0
56681 10:10:43 select(8, [4 5], [], NULL, NULL) = 1 (in [5])
56681 10:10:43 clock_gettime(CLOCK_BOOTTIME, {9862, 143113287}) = 0
56681 10:10:43 read(5, "\r", 16384)     = 1
56681 10:10:43 clock_gettime(CLOCK_BOOTTIME, {9862, 143525236}) = 0
56681 10:10:43 clock_gettime(CLOCK_BOOTTIME, {9862, 143766827}) = 0
56681 10:10:43 select(8, [4 5], [4], NULL, NULL) = 1 (out [4])
56681 10:10:43 clock_gettime(CLOCK_BOOTTIME, {9862, 144319057}) = 0
56681 10:10:43 write(4, "\21\3\232\375UA/\211!\355\t\34\25\373\362A\373\rp\33\371\360=\31@\33\342vH\216\25\24"..., 40) = 40
56681 10:10:43 clock_gettime(CLOCK_BOOTTIME, {9862, 144969050}) = 0
56681 10:10:43 clock_gettime(CLOCK_BOOTTIME, {9862, 145122708}) = 0
56681 10:10:43 select(8, [4 5], [], NULL, NULL) = 1 (in [4])
56681 10:10:43 clock_gettime(CLOCK_BOOTTIME, {9862, 147918788}) = 0
56681 10:10:43 read(4, "\3\211\f\177\252[\346%\31\215\202\245Kv[\20\261TZq\300\340\246\316\36RQ,\336\204#H"..., 8192) = 40
56681 10:10:43 clock_gettime(CLOCK_BOOTTIME, {9862, 148227779}) = 0
56681 10:10:43 clock_gettime(CLOCK_BOOTTIME, {9862, 148363363}) = 0
56681 10:10:43 select(8, [4 5], [6], NULL, NULL) = 1 (out [6])
56681 10:10:43 clock_gettime(CLOCK_BOOTTIME, {9862, 148608070}) = 0
56681 10:10:43 write(6, "\r\n", 2)      = 2
56681 10:10:43 clock_gettime(CLOCK_BOOTTIME, {9862, 149015530}) = 0
56681 10:10:43 clock_gettime(CLOCK_BOOTTIME, {9862, 149467461}) = 0
56681 10:10:43 select(8, [4 5], [], NULL, NULL) = 1 (in [4])
56681 10:10:43 clock_gettime(CLOCK_BOOTTIME, {9862, 151178310}) = 0
56681 10:10:43 read(4, ">XE\241\372\16\340\371^:\225\6@\204\220,j\365d\215\361\276\346U\7\337\2\223T\332[\34"..., 8192) = 264
56681 10:10:43 clock_gettime(CLOCK_BOOTTIME, {9862, 151556911}) = 0
56681 10:10:43 clock_gettime(CLOCK_BOOTTIME, {9862, 152022388}) = 0
56681 10:10:43 select(8, [4 5], [6], NULL, NULL) = 1 (out [6])
56681 10:10:43 clock_gettime(CLOCK_BOOTTIME, {9862, 152236187}) = 0
56681 10:10:43 write(6, "Filesystem     1K-blocks    Used"..., 238) = 238
56681 10:10:43 clock_gettime(CLOCK_BOOTTIME, {9862, 152629575}) = 0
56681 10:10:43 clock_gettime(CLOCK_BOOTTIME, {9862, 152728764}) = 0
56681 10:10:43 select(8, [4 5], [], NULL, NULL) = 1 (in [5])
56681 10:10:44 clock_gettime(CLOCK_BOOTTIME, {9863, 81207962}) = 0
56681 10:10:44 read(5, "e", 16384)      = 1
56681 10:10:44 clock_gettime(CLOCK_BOOTTIME, {9863, 81447649}) = 0
56681 10:10:44 clock_gettime(CLOCK_BOOTTIME, {9863, 81546436}) = 0
56681 10:10:44 select(8, [4 5], [4], NULL, NULL) = 1 (out [4])
56681 10:10:44 clock_gettime(CLOCK_BOOTTIME, {9863, 81769417}) = 0
56681 10:10:44 write(4, "lK\376\347\245\231\234E\275\304\26\340\4\265\17wD@\321Xv\222\251\17\262\303p\347fwAA"..., 40) = 40
56681 10:10:44 clock_gettime(CLOCK_BOOTTIME, {9863, 82104677}) = 0
56681 10:10:44 clock_gettime(CLOCK_BOOTTIME, {9863, 82196954}) = 0
56681 10:10:44 select(8, [4 5], [], NULL, NULL) = 1 (in [4])
56681 10:10:44 clock_gettime(CLOCK_BOOTTIME, {9863, 85027332}) = 0
56681 10:10:44 read(4, "\335\224\216\316\276\342\6\356\200\270\35\230S@~\372B\1\217(X\245\t\215\34\0375\6\330u\215\342"..., 8192) = 40
56681 10:10:44 clock_gettime(CLOCK_BOOTTIME, {9863, 85310317}) = 0
56681 10:10:44 clock_gettime(CLOCK_BOOTTIME, {9863, 85474762}) = 0
56681 10:10:44 select(8, [4 5], [6], NULL, NULL) = 1 (out [6])
56681 10:10:44 clock_gettime(CLOCK_BOOTTIME, {9863, 85678260}) = 0
56681 10:10:44 write(6, "e", 1)         = 1
56681 10:10:44 clock_gettime(CLOCK_BOOTTIME, {9863, 86060956}) = 0
56681 10:10:44 clock_gettime(CLOCK_BOOTTIME, {9863, 86278953}) = 0
56681 10:10:44 select(8, [4 5], [], NULL, NULL) = 1 (in [5])
56681 10:10:44 clock_gettime(CLOCK_BOOTTIME, {9863, 252087135}) = 0
56681 10:10:44 read(5, "x", 16384)      = 1
56681 10:10:44 clock_gettime(CLOCK_BOOTTIME, {9863, 252529843}) = 0
56681 10:10:44 clock_gettime(CLOCK_BOOTTIME, {9863, 252808675}) = 0
56681 10:10:44 select(8, [4 5], [4], NULL, NULL) = 1 (out [4])
56681 10:10:44 clock_gettime(CLOCK_BOOTTIME, {9863, 253123311}) = 0
56681 10:10:44 write(4, "=k\2644A\343\261\2243fY\tB\277\1\335\360\363\2779)\177\177\34\270\313:n\22\211/\310"..., 40) = 40
56681 10:10:44 clock_gettime(CLOCK_BOOTTIME, {9863, 253393033}) = 0
56681 10:10:44 clock_gettime(CLOCK_BOOTTIME, {9863, 253489282}) = 0
56681 10:10:44 select(8, [4 5], [], NULL, NULL) = 1 (in [4])
56681 10:10:44 clock_gettime(CLOCK_BOOTTIME, {9863, 256140455}) = 0
56681 10:10:44 read(4, "\244\360\376\20B\37\355\"U\23f\325\254\1\344?:\0\313\363\236\311%\301\201nSU\356\0164\222"..., 8192) = 40
56681 10:10:44 clock_gettime(CLOCK_BOOTTIME, {9863, 256374292}) = 0
56681 10:10:44 clock_gettime(CLOCK_BOOTTIME, {9863, 256466297}) = 0
56681 10:10:44 select(8, [4 5], [6], NULL, NULL) = 1 (out [6])
56681 10:10:44 clock_gettime(CLOCK_BOOTTIME, {9863, 256715890}) = 0
56681 10:10:44 write(6, "x", 1)         = 1
56681 10:10:44 clock_gettime(CLOCK_BOOTTIME, {9863, 257057220}) = 0
56681 10:10:44 clock_gettime(CLOCK_BOOTTIME, {9863, 257164501}) = 0
56681 10:10:44 select(8, [4 5], [], NULL, NULL) = 1 (in [5])
56681 10:10:44 clock_gettime(CLOCK_BOOTTIME, {9863, 497632551}) = 0
56681 10:10:44 read(5, "i", 16384)      = 1
56681 10:10:44 clock_gettime(CLOCK_BOOTTIME, {9863, 497942179}) = 0
56681 10:10:44 clock_gettime(CLOCK_BOOTTIME, {9863, 498066924}) = 0
56681 10:10:44 select(8, [4 5], [4], NULL, NULL) = 1 (out [4])
56681 10:10:44 clock_gettime(CLOCK_BOOTTIME, {9863, 498322526}) = 0
56681 10:10:44 write(4, "'\227+\266N\264%\231\327c:\277<\355\nO\311\303\256\3\232\204\267\323\216\317N\326\20\2254\307"..., 40) = 40
56681 10:10:44 clock_gettime(CLOCK_BOOTTIME, {9863, 498659234}) = 0
56681 10:10:44 clock_gettime(CLOCK_BOOTTIME, {9863, 498771165}) = 0
56681 10:10:44 select(8, [4 5], [], NULL, NULL) = 1 (in [4])
56681 10:10:44 clock_gettime(CLOCK_BOOTTIME, {9863, 501479458}) = 0
56681 10:10:44 read(4, "\306\26\24\266.\263\235\254(0)*sKsB\340\321:\236ou\16)t\261\305\372\330z1\220"..., 8192) = 40
56681 10:10:44 clock_gettime(CLOCK_BOOTTIME, {9863, 501908435}) = 0
56681 10:10:44 clock_gettime(CLOCK_BOOTTIME, {9863, 502014854}) = 0
56681 10:10:44 select(8, [4 5], [6], NULL, NULL) = 1 (out [6])
56681 10:10:44 clock_gettime(CLOCK_BOOTTIME, {9863, 502181496}) = 0
56681 10:10:44 write(6, "i", 1)         = 1
56681 10:10:44 clock_gettime(CLOCK_BOOTTIME, {9863, 502501210}) = 0
56681 10:10:44 clock_gettime(CLOCK_BOOTTIME, {9863, 502593646}) = 0
56681 10:10:44 select(8, [4 5], [], NULL, NULL) = 1 (in [5])
56681 10:10:44 clock_gettime(CLOCK_BOOTTIME, {9863, 588382972}) = 0
56681 10:10:44 read(5, "t", 16384)      = 1
56681 10:10:44 clock_gettime(CLOCK_BOOTTIME, {9863, 588902752}) = 0
56681 10:10:44 clock_gettime(CLOCK_BOOTTIME, {9863, 589198276}) = 0
56681 10:10:44 select(8, [4 5], [4], NULL, NULL) = 1 (out [4])
56681 10:10:44 clock_gettime(CLOCK_BOOTTIME, {9863, 589841325}) = 0
56681 10:10:44 write(4, "R\325i\315\375\213k#tq\22;\2209\317=N\237\251W.-\321\352\312\276\355\27\305\236]\365"..., 40) = 40
56681 10:10:44 clock_gettime(CLOCK_BOOTTIME, {9863, 590392505}) = 0
56681 10:10:44 clock_gettime(CLOCK_BOOTTIME, {9863, 590618690}) = 0
56681 10:10:44 select(8, [4 5], [], NULL, NULL) = 1 (in [4])
56681 10:10:44 clock_gettime(CLOCK_BOOTTIME, {9863, 592954671}) = 0
56681 10:10:44 read(4, "K\371\301\257\232\331K_\316\226\301S\337j\320o\272\267O\250\325\312\\x\364E\32\323\f]\325\251"..., 8192) = 40
56681 10:10:44 clock_gettime(CLOCK_BOOTTIME, {9863, 593472120}) = 0
56681 10:10:44 clock_gettime(CLOCK_BOOTTIME, {9863, 593637290}) = 0
56681 10:10:44 select(8, [4 5], [6], NULL, NULL) = 1 (out [6])
56681 10:10:44 clock_gettime(CLOCK_BOOTTIME, {9863, 594093751}) = 0
56681 10:10:44 write(6, "t", 1)         = 1
56681 10:10:44 clock_gettime(CLOCK_BOOTTIME, {9863, 594992966}) = 0
56681 10:10:44 clock_gettime(CLOCK_BOOTTIME, {9863, 595984316}) = 0
56681 10:10:44 select(8, [4 5], [], NULL, NULL) = 1 (in [5])
56681 10:10:44 clock_gettime(CLOCK_BOOTTIME, {9863, 791809570}) = 0
56681 10:10:44 read(5, "\r", 16384)     = 1
56681 10:10:44 clock_gettime(CLOCK_BOOTTIME, {9863, 792335209}) = 0
56681 10:10:44 clock_gettime(CLOCK_BOOTTIME, {9863, 792567131}) = 0
56681 10:10:44 select(8, [4 5], [4], NULL, NULL) = 1 (out [4])
56681 10:10:44 clock_gettime(CLOCK_BOOTTIME, {9863, 792856030}) = 0
56681 10:10:44 write(4, "m\361\2c\226\366(\356\274\2352GY\266B\355\362\7\31\7\231\33y\233Jo\213nK!Ce"..., 40) = 40
56681 10:10:44 clock_gettime(CLOCK_BOOTTIME, {9863, 793303947}) = 0
56681 10:10:44 clock_gettime(CLOCK_BOOTTIME, {9863, 793610562}) = 0
56681 10:10:44 select(8, [4 5], [], NULL, NULL) = 1 (in [4])
56681 10:10:44 clock_gettime(CLOCK_BOOTTIME, {9863, 798338135}) = 0
56681 10:10:44 read(4, "\216\304\2017L\372L\235\301\227\332\210\355\213\220\254\32\225\22P\3\35\357\376|Q\n.\\\7\302\255"..., 8192) = 200
56681 10:10:44 close(5)                 = 0
56681 10:10:44 clock_gettime(CLOCK_BOOTTIME, {9863, 799147485}) = 0
56681 10:10:44 clock_gettime(CLOCK_BOOTTIME, {9863, 799402133}) = 0
56681 10:10:44 select(8, [4], [6], NULL, NULL) = 1 (out [6])
56681 10:10:44 clock_gettime(CLOCK_BOOTTIME, {9863, 799869906}) = 0
56681 10:10:44 write(6, "\r\nlogout\r\n", 10) = 10
56681 10:10:44 clock_gettime(CLOCK_BOOTTIME, {9863, 800348112}) = 0
56681 10:10:44 clock_gettime(CLOCK_BOOTTIME, {9863, 800979398}) = 0
56681 10:10:44 close(6)                 = 0
56681 10:10:44 ioctl(0, TCGETS, {B38400 -opost -isig -icanon -echo ...}) = 0
56681 10:10:45 ioctl(0, SNDCTL_TMR_STOP or TCSETSW, {B38400 opost isig icanon echo ...}) = 0
56681 10:10:45 ioctl(0, TCGETS, {B38400 opost isig icanon echo ...}) = 0
56681 10:10:45 close(7)                 = 0
56681 10:10:45 select(8, [4], [4], NULL, NULL) = 1 (out [4])
56681 10:10:45 clock_gettime(CLOCK_BOOTTIME, {9863, 804155860}) = 0
56681 10:10:45 write(4, "\16U\25~/rn\3513Z\260B\25\351\325\234\246\343:\203\300Nb5", 24) = 24
56681 10:10:45 rt_sigaction(SIGWINCH, NULL, {0x55e7f108ac00, [], SA_RESTORER, 0x7f352276c4b0}, 8) = 0
56681 10:10:45 rt_sigaction(SIGWINCH, {SIG_DFL, [], SA_RESTORER, 0x7f352276c4b0}, NULL, 8) = 0
56681 10:10:45 write(4, "o\32\206\350=\"\324\242\241\310LrN\214H\261\33\316\203ll\36(\246\313\32\342-\277p\374\35"..., 56) = 56
56681 10:10:45 ioctl(0, TCGETS, {B38400 opost isig icanon echo ...}) = 0
56681 10:10:45 ioctl(1, TCGETS, {B38400 opost isig icanon echo ...}) = 0
56681 10:10:45 ioctl(2, TCGETS, {B38400 opost isig icanon echo ...}) = 0
56681 10:10:45 write(2, "Connection to 192.168.14.29 clos"..., 37) = 37
56681 10:10:45 shutdown(4, SHUT_RDWR)   = 0
56681 10:10:45 close(4)                 = 0
56681 10:10:45 exit_group(0)            = ?
56681 10:10:45 +++ exited with 0 +++
